#
# There is insufficient memory for the Java Runtime Environment to continue.
# Native memory allocation (malloc) failed to allocate 1862256 bytes for Chunk::new
# Possible reasons:
#   The system is out of physical RAM or swap space
#   The process is running with CompressedOops enabled, and the Java Heap may be blocking the growth of the native heap
# Possible solutions:
#   Reduce memory load on the system
#   Increase physical memory or swap space
#   Check if swap backing store is full
#   Decrease Java heap size (-Xmx/-Xms)
#   Decrease number of Java threads
#   Decrease Java thread stack sizes (-Xss)
#   Set larger code cache with -XX:ReservedCodeCacheSize=
#   JVM is running with Unscaled Compressed Oops mode in which the Java heap is
#     placed in the first 4GB address space. The Java Heap base address is the
#     maximum limit for the native heap growth. Please use -XX:HeapBaseMinAddress
#     to set the Java Heap base and to place the Java Heap above 4GB virtual address.
# This output file may be truncated or incomplete.
#
#  Out of Memory Error (./src/hotspot/share/memory/arena.cpp:197), pid=10660, tid=10380
#
# JRE version: OpenJDK Runtime Environment JBR-11.0.9.1.11-1145.63-jcef (11.0.9.1+11) (build 11.0.9.1+11-b1145.63)
# Java VM: OpenJDK 64-Bit Server VM JBR-11.0.9.1.11-1145.63-jcef (11.0.9.1+11-b1145.63, mixed mode, tiered, compressed oops, concurrent mark sweep gc, windows-amd64)
# No core dump will be written. Minidumps are not enabled by default on client versions of Windows
#

---------------  S U M M A R Y ------------

Command Line: exit -Xms128m -Xmx750m -XX:ReservedCodeCacheSize=512m -XX:+UseConcMarkSweepGC -XX:SoftRefLRUPolicyMSPerMB=50 -XX:CICompilerCount=2 -XX:+HeapDumpOnOutOfMemoryError -XX:-OmitStackTraceInFastThrow -ea -Dsun.io.useCanonCaches=false -Djdk.http.auth.tunneling.disabledSchemes="" -Djdk.attach.allowAttachSelf=true -Djdk.module.illegalAccess.silent=true -Dkotlinx.coroutines.debug=off -Djb.vmOptionsFile=C:\Users\VEDIT\AppData\Roaming\JetBrains\IdeaIC2020.3\idea64.exe.vmoptions -Djava.library.path=C:\Program Files\JetBrains\IntelliJ IDEA Community Edition 2020.3.1\jbr\\bin;C:\Program Files\JetBrains\IntelliJ IDEA Community Edition 2020.3.1\jbr\\bin\server -Didea.platform.prefix=Idea -Didea.jre.check=true -Dide.native.launcher=true -Didea.vendor.name=JetBrains -Didea.paths.selector=IdeaIC2020.3 -XX:ErrorFile=C:\Users\VEDIT\java_error_in_idea64_%p.log -XX:HeapDumpPath=C:\Users\VEDIT\java_error_in_idea64.hprof 

Host: Intel(R) Core(TM) i5-3437U CPU @ 1.90GHz, 4 cores, 3G,  Windows 10 , 64 bit Build 18362 (10.0.18362.1350)
Time: Fri Apr  9 11:30:37 2021 E. Africa Standard Time elapsed time: 125.548207 seconds (0d 0h 2m 5s)

---------------  T H R E A D  ---------------

Current thread (0x000000002a0cd000):  JavaThread "C2 CompilerThread0" daemon [_thread_in_native, id=10380, stack(0x000000002aa60000,0x000000002ab60000)]


Current CompileTask:
C2: 125548 19618       4       java.lang.invoke.DirectMethodHandle::make (263 bytes)

Stack: [0x000000002aa60000,0x000000002ab60000]
Native frames: (J=compiled Java code, j=interpreted, Vv=VM code, C=native code)
V  [jvm.dll+0x5edd9a]
V  [jvm.dll+0x7229c5]
V  [jvm.dll+0x723f1d]
V  [jvm.dll+0x7245d3]
V  [jvm.dll+0x2431b8]
V  [jvm.dll+0xbc34c]
V  [jvm.dll+0xbc84c]
V  [jvm.dll+0x35358d]
V  [jvm.dll+0x3211f3]
V  [jvm.dll+0x3206ea]
V  [jvm.dll+0x1fc012]
V  [jvm.dll+0x1fb1e4]
V  [jvm.dll+0x183aac]
V  [jvm.dll+0x209957]
V  [jvm.dll+0x2081a1]
V  [jvm.dll+0x6eb73f]
V  [jvm.dll+0x6e42d5]
V  [jvm.dll+0x5ecd46]
C  [ucrtbase.dll+0x210b2]
C  [KERNEL32.DLL+0x17c24]
C  [ntdll.dll+0x6d721]


---------------  P R O C E S S  ---------------

Threads class SMR info:
_java_thread_list=0x000000003df1d0e0, length=56, elements={
0x0000000002934000, 0x0000000029840000, 0x0000000029841000, 0x000000002a0c9800,
0x000000002a0cc000, 0x000000002a0cd000, 0x000000002a0d2000, 0x000000002a0e2800,
0x000000002a21e000, 0x000000002a225000, 0x000000002b1ee000, 0x000000002b1f4800,
0x000000002b514800, 0x000000002b2fd000, 0x000000002b2fe000, 0x000000002b2fb800,
0x000000002b2fe800, 0x000000002b2f9000, 0x000000002b2fc000, 0x000000002b2ff800,
0x000000002b2fa000, 0x000000002b2fa800, 0x000000002e518000, 0x000000002e516800,
0x000000002e514000, 0x000000002e519000, 0x000000002e519800, 0x000000002e51a800,
0x000000002e517000, 0x000000002e51b000, 0x000000002e515800, 0x000000002e51e800,
0x000000002e520000, 0x000000002e521000, 0x000000002e51c000, 0x000000002e522800,
0x000000002e51d000, 0x000000002e51f800, 0x000000003563b800, 0x000000003563c800,
0x000000003563d000, 0x0000000035638000, 0x000000003563a000, 0x0000000035639000,
0x000000003563f800, 0x000000003563f000, 0x0000000035640800, 0x000000003563a800,
0x0000000035647000, 0x0000000035643800, 0x0000000035641000, 0x0000000035642000,
0x0000000035643000, 0x0000000035645800, 0x0000000048a72800, 0x0000000048a73800
}

Java Threads: ( => current thread )
  0x0000000002934000 JavaThread "main" [_thread_blocked, id=12052, stack(0x0000000000050000,0x0000000000150000)]
  0x0000000029840000 JavaThread "Reference Handler" daemon [_thread_blocked, id=10528, stack(0x000000002a560000,0x000000002a660000)]
  0x0000000029841000 JavaThread "Finalizer" daemon [_thread_blocked, id=5680, stack(0x000000002a660000,0x000000002a760000)]
  0x000000002a0c9800 JavaThread "Signal Dispatcher" daemon [_thread_blocked, id=10636, stack(0x000000002a860000,0x000000002a960000)]
  0x000000002a0cc000 JavaThread "Attach Listener" daemon [_thread_blocked, id=10644, stack(0x000000002a960000,0x000000002aa60000)]
=>0x000000002a0cd000 JavaThread "C2 CompilerThread0" daemon [_thread_in_native, id=10380, stack(0x000000002aa60000,0x000000002ab60000)]
  0x000000002a0d2000 JavaThread "C1 CompilerThread0" daemon [_thread_blocked, id=10448, stack(0x000000002ab60000,0x000000002ac60000)]
  0x000000002a0e2800 JavaThread "Sweeper thread" daemon [_thread_blocked, id=9284, stack(0x000000002ac60000,0x000000002ad60000)]
  0x000000002a21e000 JavaThread "Service Thread" daemon [_thread_blocked, id=8048, stack(0x000000002ad60000,0x000000002ae60000)]
  0x000000002a225000 JavaThread "Common-Cleaner" daemon [_thread_blocked, id=9464, stack(0x000000002b060000,0x000000002b160000)]
  0x000000002b1ee000 JavaThread "Periodic tasks thread" daemon [_thread_blocked, id=11444, stack(0x000000002bd60000,0x000000002be60000)]
  0x000000002b1f4800 JavaThread "ApplicationImpl pooled thread 1" [_thread_blocked, id=10336, stack(0x000000002be60000,0x000000002bf60000)]
  0x000000002b514800 JavaThread "ApplicationImpl pooled thread 2" [_thread_blocked, id=10792, stack(0x000000002bf60000,0x000000002c060000)]
  0x000000002b2fd000 JavaThread "ApplicationImpl pooled thread 3" [_thread_blocked, id=244, stack(0x000000002c260000,0x000000002c360000)]
  0x000000002b2fe000 JavaThread "ApplicationImpl pooled thread 4" [_thread_blocked, id=6200, stack(0x000000002c360000,0x000000002c460000)]
  0x000000002b2fb800 JavaThread "Java2D Disposer" daemon [_thread_blocked, id=5396, stack(0x000000002c9a0000,0x000000002caa0000)]
  0x000000002b2fe800 JavaThread "AWT-Shutdown" [_thread_blocked, id=2412, stack(0x000000002caa0000,0x000000002cba0000)]
  0x000000002b2f9000 JavaThread "AWT-Windows" daemon [_thread_in_native, id=10064, stack(0x000000002cba0000,0x000000002cca0000)]
  0x000000002b2fc000 JavaThread "AWT-EventQueue-0" [_thread_blocked, id=10536, stack(0x000000002ce30000,0x000000002cf30000)]
  0x000000002b2ff800 JavaThread "ApplicationImpl pooled thread 5" [_thread_blocked, id=11688, stack(0x000000002b960000,0x000000002ba60000)]
  0x000000002b2fa000 JavaThread "Alarm Pool" [_thread_blocked, id=8792, stack(0x000000002f4c0000,0x000000002f5c0000)]
  0x000000002b2fa800 JavaThread "JobScheduler FJ pool 0/3" daemon [_thread_in_vm, id=10352, stack(0x000000002cf30000,0x000000002d030000)]
  0x000000002e518000 JavaThread "ApplicationImpl pooled thread 7" [_thread_blocked, id=984, stack(0x000000002d030000,0x000000002d130000)]
  0x000000002e516800 JavaThread "Flushing Daemon" [_thread_blocked, id=11840, stack(0x000000002d130000,0x000000002d230000)]
  0x000000002e514000 JavaThread "Netty Builtin Server 1" [_thread_in_native, id=1476, stack(0x000000002ea80000,0x000000002eb80000)]
  0x000000002e519000 JavaThread "Netty Builtin Server 2" [_thread_in_native, id=4552, stack(0x0000000031ee0000,0x0000000031fe0000)]
  0x000000002e519800 JavaThread "ApplicationImpl pooled thread 9" [_thread_blocked, id=7040, stack(0x00000000329e0000,0x0000000032ae0000)]
  0x000000002e51a800 JavaThread "TimerQueue" daemon [_thread_blocked, id=12280, stack(0x00000000349d0000,0x0000000034ad0000)]
  0x000000002e517000 JavaThread "ApplicationImpl pooled thread 10" [_thread_blocked, id=3208, stack(0x0000000037b70000,0x0000000037c70000)]
  0x000000002e51b000 JavaThread "fsnotifier64.exe" [_thread_in_native, id=8564, stack(0x0000000038650000,0x0000000038750000)]
  0x000000002e515800 JavaThread "BaseDataReader: output stream of fsnotifier64.exe" [_thread_in_native, id=6292, stack(0x00000000383e0000,0x00000000384e0000)]
  0x000000002e51e800 JavaThread "BaseDataReader: error stream of fsnotifier64.exe" [_thread_in_native, id=8888, stack(0x00000000388c0000,0x00000000389c0000)]
  0x000000002e520000 JavaThread "ApplicationImpl pooled thread 11" [_thread_blocked, id=10940, stack(0x0000000038750000,0x0000000038850000)]
  0x000000002e521000 JavaThread "JobScheduler FJ pool 1/3" daemon [_thread_blocked, id=1692, stack(0x000000003b3d0000,0x000000003b4d0000)]
  0x000000002e51c000 JavaThread "java.exe" [_thread_in_native, id=12068, stack(0x000000003d8b0000,0x000000003d9b0000)]
  0x000000002e522800 JavaThread "ApplicationImpl pooled thread 12" [_thread_blocked, id=4100, stack(0x000000002eb80000,0x000000002ec80000)]
  0x000000002e51d000 JavaThread "ApplicationImpl pooled thread 13" [_thread_blocked, id=6308, stack(0x0000000040380000,0x0000000040480000)]
  0x000000002e51f800 JavaThread "JobScheduler FJ pool 2/3" daemon [_thread_blocked, id=12188, stack(0x0000000040480000,0x0000000040580000)]
  0x000000003563b800 JavaThread "BaseDataReader: error stream of java.exe" [_thread_in_native, id=11540, stack(0x0000000040980000,0x0000000040a80000)]
  0x000000003563c800 JavaThread "BaseDataReader: output stream of java.exe" [_thread_in_native, id=8312, stack(0x0000000040a80000,0x0000000040b80000)]
  0x000000003563d000 JavaThread "Reader thread for BuildOutputInstantReaderImpl@1,908,771,064" [_thread_blocked, id=2408, stack(0x0000000041780000,0x0000000041880000)]
  0x0000000035638000 JavaThread "ApplicationImpl pooled thread 14" [_thread_blocked, id=11452, stack(0x0000000001fe0000,0x00000000020e0000)]
  0x000000003563a000 JavaThread "ApplicationImpl pooled thread 15" [_thread_blocked, id=10188, stack(0x0000000044db0000,0x0000000044eb0000)]
  0x0000000035639000 JavaThread "ApplicationImpl pooled thread 16" [_thread_blocked, id=10500, stack(0x0000000044eb0000,0x0000000044fb0000)]
  0x000000003563f800 JavaThread "OurIconCalculating Pool" [_thread_in_native, id=1212, stack(0x0000000044fb0000,0x00000000450b0000)]
  0x000000003563f000 JavaThread "ApplicationImpl pooled thread 18" [_thread_blocked, id=9700, stack(0x00000000450b0000,0x00000000451b0000)]
  0x0000000035640800 JavaThread "Connection worker" [_thread_in_native, id=6504, stack(0x00000000453b0000,0x00000000454b0000)]
  0x000000003563a800 JavaThread "I/O pool 8" [_thread_blocked, id=8684, stack(0x0000000045ab0000,0x0000000045bb0000)]
  0x0000000035647000 JavaThread "I/O pool 9" [_thread_blocked, id=10876, stack(0x0000000046c20000,0x0000000046d20000)]
  0x0000000035643800 JavaThread "Exec process" [_thread_blocked, id=12264, stack(0x0000000046d20000,0x0000000046e20000)]
  0x0000000035641000 JavaThread "Exec process Thread 2" [_thread_blocked, id=2744, stack(0x0000000048e60000,0x0000000048f60000)]
  0x0000000035642000 JavaThread "Exec process Thread 3" [_thread_blocked, id=11008, stack(0x0000000048f60000,0x0000000049060000)]
  0x0000000035643000 JavaThread "I/O pool 10" [_thread_blocked, id=6016, stack(0x0000000049060000,0x0000000049160000)]
  0x0000000035645800 JavaThread "pool-4-thread-1" [_thread_blocked, id=9628, stack(0x000000004a360000,0x000000004a460000)]
  0x0000000048a72800 JavaThread "I/O pool 11" [_thread_blocked, id=2964, stack(0x000000004b060000,0x000000004b160000)]
  0x0000000048a73800 JavaThread "Forward input" [_thread_blocked, id=11032, stack(0x000000004b9b0000,0x000000004bab0000)]

Other Threads:
  0x000000002983c000 VMThread "VM Thread" [stack: 0x000000002a460000,0x000000002a560000] [id=10688]
  0x000000002a237800 WatcherThread [stack: 0x000000002ae60000,0x000000002af60000] [id=9872]
  0x0000000002949800 GCTaskThread "GC Thread#0" [stack: 0x00000000024e0000,0x00000000025e0000] [id=11748]
  0x000000002b220000 GCTaskThread "GC Thread#1" [stack: 0x000000002ba60000,0x000000002bb60000] [id=9484]
  0x000000002b1fc000 GCTaskThread "GC Thread#2" [stack: 0x000000002bb60000,0x000000002bc60000] [id=5872]
  0x000000002b38b800 GCTaskThread "GC Thread#3" [stack: 0x000000002bc60000,0x000000002bd60000] [id=9980]
  0x000000000298b800 ConcurrentGCThread "CMS Main Thread" [stack: 0x0000000029560000,0x0000000029660000] [id=9524]

Threads with active compile tasks:
C2 CompilerThread0 126107 19618       4       java.lang.invoke.DirectMethodHandle::make (263 bytes)

VM state:not at safepoint (normal execution)

VM Mutex/Monitor currently owned by a thread: None

Heap address: 0x00000000d1200000, size: 750 MB, Compressed Oops mode: 32-bit
Narrow klass base: 0x0000000000000000, Narrow klass shift: 3
Compressed class space size: 1073741824 Address: 0x0000000100000000

Heap:
 par new generation   total 39296K, used 20879K [0x00000000d1200000, 0x00000000d3ca0000, 0x00000000e0c00000)
  eden space 34944K,  47% used [0x00000000d1200000, 0x00000000d2223da0, 0x00000000d3420000)
  from space 4352K, 100% used [0x00000000d3860000, 0x00000000d3ca0000, 0x00000000d3ca0000)
  to   space 4352K,   0% used [0x00000000d3420000, 0x00000000d3420000, 0x00000000d3860000)
 concurrent mark-sweep generation total 221380K, used 178069K [0x00000000e0c00000, 0x00000000ee431000, 0x0000000100000000)
 Metaspace       used 222774K, capacity 229761K, committed 230048K, reserved 1249280K
  class space    used 28380K, capacity 30982K, committed 31032K, reserved 1048576K

Card table byte_map: [0x00000000025e0000,0x0000000002760000] _byte_map_base: 0x0000000001f57000

Marking Bits: (CMSBitMap*) 0x00000000029893b0
 Bits: [0x0000000026940000, 0x0000000027110000)

Mod Union Table: (CMSBitMap*) 0x0000000002989450
 Bits: [0x0000000000400000, 0x000000000041f400)

Polling page: 0x00000000001d0000

Metaspace:

Usage:
  Non-class:    194.12 MB capacity,   189.84 MB ( 98%) used,     3.63 MB (  2%) free+waste,   663.38 KB ( <1%) overhead. 
      Class:     30.26 MB capacity,    27.72 MB ( 92%) used,     2.24 MB (  7%) free+waste,   312.56 KB (  1%) overhead. 
       Both:    224.38 MB capacity,   217.55 MB ( 97%) used,     5.87 MB (  3%) free+waste,   975.94 KB ( <1%) overhead. 

Virtual space:
  Non-class space:      196.00 MB reserved,     194.35 MB (>99%) committed 
      Class space:        1.00 GB reserved,      30.30 MB (  3%) committed 
             Both:        1.19 GB reserved,     224.66 MB ( 18%) committed 

Chunk freelists:
   Non-Class:  45.00 KB
       Class:  26.00 KB
        Both:  71.00 KB

MaxMetaspaceSize: 17179869184.00 GB
CompressedClassSpaceSize: 1.00 GB

CodeHeap 'non-profiled nmethods': size=259328Kb used=10708Kb max_used=10708Kb free=248619Kb
 bounds [0x00000000167d0000, 0x0000000017250000, 0x0000000026510000]
CodeHeap 'profiled nmethods': size=259264Kb used=40104Kb max_used=40104Kb free=219159Kb
 bounds [0x0000000006aa0000, 0x00000000091f0000, 0x00000000167d0000]
CodeHeap 'non-nmethods': size=5696Kb used=1711Kb max_used=1746Kb free=3985Kb
 bounds [0x0000000006510000, 0x0000000006780000, 0x0000000006aa0000]
 total_blobs=19420 nmethods=18075 adapters=1256
 compilation: enabled
              stopped_count=0, restarted_count=0
 full_count=0

Compilation events (20 events):
Event: 125.241 Thread 0x000000002a0d2000 19620       3       gnu.trove.THashIterator::nextIndex (62 bytes)
Event: 125.241 Thread 0x000000002a0d2000 nmethod 19620 0x000000000918aa10 code [0x000000000918ac00, 0x000000000918b0b8]
Event: 125.247 Thread 0x000000002a0d2000 19622       3       com.intellij.codeInsight.daemon.impl.analysis.JavaModuleGraphUtil$ChameleonGraph$$Lambda$2900/0x0000000101e0ec40::accept (12 bytes)
Event: 125.247 Thread 0x000000002a0d2000 nmethod 19622 0x000000000918b290 code [0x000000000918b460, 0x000000000918b6a8]
Event: 125.247 Thread 0x000000002a0d2000 19623       3       com.intellij.codeInsight.daemon.impl.analysis.JavaModuleGraphUtil$ChameleonGraph::lambda$new$0 (36 bytes)
Event: 125.247 Thread 0x000000002a0d2000 nmethod 19623 0x000000000918b790 code [0x000000000918b980, 0x000000000918be98]
Event: 125.247 Thread 0x000000002a0d2000 19624       3       com.intellij.codeInsight.daemon.impl.analysis.JavaModuleGraphUtil$ChameleonGraph::getIn (35 bytes)
Event: 125.248 Thread 0x000000002a0d2000 nmethod 19624 0x000000000918c010 code [0x000000000918c200, 0x000000000918c4d8]
Event: 125.248 Thread 0x000000002a0d2000 19625       1       com.intellij.psi.impl.java.stubs.impl.PsiPackageAccessibilityStatementStubImpl::getPackageName (5 bytes)
Event: 125.248 Thread 0x000000002a0d2000 nmethod 19625 0x0000000017242f90 code [0x0000000017243140, 0x00000000172431f8]
Event: 125.248 Thread 0x000000002a0d2000 19626       1       com.intellij.psi.impl.java.stubs.impl.PsiPackageAccessibilityStatementStubImpl::getTargets (5 bytes)
Event: 125.248 Thread 0x000000002a0d2000 nmethod 19626 0x0000000017243290 code [0x0000000017243440, 0x00000000172434f8]
Event: 125.316 Thread 0x000000002a0d2000 19627       3       com.intellij.psi.impl.ResolveScopeManager::getInstance (26 bytes)
Event: 125.317 Thread 0x000000002a0d2000 nmethod 19627 0x000000000918c610 code [0x000000000918c820, 0x000000000918cc78]
Event: 125.355 Thread 0x000000002a0d2000 19629       3       com.intellij.util.concurrency.EdtScheduledExecutorServiceImpl::schedule (57 bytes)
Event: 125.356 Thread 0x000000002a0d2000 nmethod 19629 0x000000000918ce10 code [0x000000000918d080, 0x000000000918d958]
Event: 125.356 Thread 0x000000002a0d2000 19630       3       com.intellij.util.concurrency.EdtScheduledExecutorServiceImpl$1::<init> (21 bytes)
Event: 125.357 Thread 0x000000002a0d2000 nmethod 19630 0x000000000918dd10 code [0x000000000918dec0, 0x000000000918e008]
Event: 125.364 Thread 0x000000002a0d2000 19631       3       com.intellij.psi.stubs.SerializedStubTree::<init> (78 bytes)
Event: 125.365 Thread 0x000000002a0d2000 nmethod 19631 0x000000000918e110 code [0x000000000918e300, 0x000000000918e6f8]

GC Heap History (20 events):
Event: 109.078 GC heap before
{Heap before GC invocations=39 (full 7):
 par new generation   total 39296K, used 39217K [0x00000000d1200000, 0x00000000d3ca0000, 0x00000000e0c00000)
  eden space 34944K, 100% used [0x00000000d1200000, 0x00000000d3420000, 0x00000000d3420000)
  from space 4352K,  98% used [0x00000000d3860000, 0x00000000d3c8c780, 0x00000000d3ca0000)
  to   space 4352K,   0% used [0x00000000d3420000, 0x00000000d3420000, 0x00000000d3860000)
 concurrent mark-sweep generation total 221380K, used 143597K [0x00000000e0c00000, 0x00000000ee431000, 0x0000000100000000)
 Metaspace       used 194846K, capacity 200968K, committed 202144K, reserved 1224704K
  class space    used 24969K, capacity 27279K, committed 27704K, reserved 1048576K
}
Event: 109.084 GC heap after
{Heap after GC invocations=40 (full 7):
 par new generation   total 39296K, used 3595K [0x00000000d1200000, 0x00000000d3ca0000, 0x00000000e0c00000)
  eden space 34944K,   0% used [0x00000000d1200000, 0x00000000d1200000, 0x00000000d3420000)
  from space 4352K,  82% used [0x00000000d3420000, 0x00000000d37a2de0, 0x00000000d3860000)
  to   space 4352K,   0% used [0x00000000d3860000, 0x00000000d3860000, 0x00000000d3ca0000)
 concurrent mark-sweep generation total 221380K, used 145581K [0x00000000e0c00000, 0x00000000ee431000, 0x0000000100000000)
 Metaspace       used 194846K, capacity 200968K, committed 202144K, reserved 1224704K
  class space    used 24969K, capacity 27279K, committed 27704K, reserved 1048576K
}
Event: 111.641 GC heap before
{Heap before GC invocations=40 (full 7):
 par new generation   total 39296K, used 38539K [0x00000000d1200000, 0x00000000d3ca0000, 0x00000000e0c00000)
  eden space 34944K,  99% used [0x00000000d1200000, 0x00000000d341fff0, 0x00000000d3420000)
  from space 4352K,  82% used [0x00000000d3420000, 0x00000000d37a2de0, 0x00000000d3860000)
  to   space 4352K,   0% used [0x00000000d3860000, 0x00000000d3860000, 0x00000000d3ca0000)
 concurrent mark-sweep generation total 221380K, used 145581K [0x00000000e0c00000, 0x00000000ee431000, 0x0000000100000000)
 Metaspace       used 200024K, capacity 206187K, committed 207136K, reserved 1228800K
  class space    used 25670K, capacity 27949K, committed 28344K, reserved 1048576K
}
Event: 111.648 GC heap after
{Heap after GC invocations=41 (full 7):
 par new generation   total 39296K, used 4329K [0x00000000d1200000, 0x00000000d3ca0000, 0x00000000e0c00000)
  eden space 34944K,   0% used [0x00000000d1200000, 0x00000000d1200000, 0x00000000d3420000)
  from space 4352K,  99% used [0x00000000d3860000, 0x00000000d3c9a7d0, 0x00000000d3ca0000)
  to   space 4352K,   0% used [0x00000000d3420000, 0x00000000d3420000, 0x00000000d3860000)
 concurrent mark-sweep generation total 221380K, used 145581K [0x00000000e0c00000, 0x00000000ee431000, 0x0000000100000000)
 Metaspace       used 200024K, capacity 206187K, committed 207136K, reserved 1228800K
  class space    used 25670K, capacity 27949K, committed 28344K, reserved 1048576K
}
Event: 113.853 GC heap before
{Heap before GC invocations=41 (full 7):
 par new generation   total 39296K, used 39273K [0x00000000d1200000, 0x00000000d3ca0000, 0x00000000e0c00000)
  eden space 34944K, 100% used [0x00000000d1200000, 0x00000000d3420000, 0x00000000d3420000)
  from space 4352K,  99% used [0x00000000d3860000, 0x00000000d3c9a7d0, 0x00000000d3ca0000)
  to   space 4352K,   0% used [0x00000000d3420000, 0x00000000d3420000, 0x00000000d3860000)
 concurrent mark-sweep generation total 221380K, used 145581K [0x00000000e0c00000, 0x00000000ee431000, 0x0000000100000000)
 Metaspace       used 205814K, capacity 212118K, committed 212768K, reserved 1232896K
  class space    used 26357K, capacity 28642K, committed 28856K, reserved 1048576K
}
Event: 113.879 GC heap after
{Heap after GC invocations=42 (full 7):
 par new generation   total 39296K, used 4352K [0x00000000d1200000, 0x00000000d3ca0000, 0x00000000e0c00000)
  eden space 34944K,   0% used [0x00000000d1200000, 0x00000000d1200000, 0x00000000d3420000)
  from space 4352K, 100% used [0x00000000d3420000, 0x00000000d3860000, 0x00000000d3860000)
  to   space 4352K,   0% used [0x00000000d3860000, 0x00000000d3860000, 0x00000000d3ca0000)
 concurrent mark-sweep generation total 221380K, used 149722K [0x00000000e0c00000, 0x00000000ee431000, 0x0000000100000000)
 Metaspace       used 205814K, capacity 212118K, committed 212768K, reserved 1232896K
  class space    used 26357K, capacity 28642K, committed 28856K, reserved 1048576K
}
Event: 116.937 GC heap before
{Heap before GC invocations=42 (full 7):
 par new generation   total 39296K, used 39296K [0x00000000d1200000, 0x00000000d3ca0000, 0x00000000e0c00000)
  eden space 34944K, 100% used [0x00000000d1200000, 0x00000000d3420000, 0x00000000d3420000)
  from space 4352K, 100% used [0x00000000d3420000, 0x00000000d3860000, 0x00000000d3860000)
  to   space 4352K,   0% used [0x00000000d3860000, 0x00000000d3860000, 0x00000000d3ca0000)
 concurrent mark-sweep generation total 221380K, used 149722K [0x00000000e0c00000, 0x00000000ee431000, 0x0000000100000000)
 Metaspace       used 213431K, capacity 219929K, committed 220320K, reserved 1239040K
  class space    used 27426K, capacity 29802K, committed 30008K, reserved 1048576K
}
Event: 116.955 GC heap after
{Heap after GC invocations=43 (full 7):
 par new generation   total 39296K, used 4352K [0x00000000d1200000, 0x00000000d3ca0000, 0x00000000e0c00000)
  eden space 34944K,   0% used [0x00000000d1200000, 0x00000000d1200000, 0x00000000d3420000)
  from space 4352K, 100% used [0x00000000d3860000, 0x00000000d3ca0000, 0x00000000d3ca0000)
  to   space 4352K,   0% used [0x00000000d3420000, 0x00000000d3420000, 0x00000000d3860000)
 concurrent mark-sweep generation total 221380K, used 154442K [0x00000000e0c00000, 0x00000000ee431000, 0x0000000100000000)
 Metaspace       used 213431K, capacity 219929K, committed 220320K, reserved 1239040K
  class space    used 27426K, capacity 29802K, committed 30008K, reserved 1048576K
}
Event: 120.969 GC heap before
{Heap before GC invocations=43 (full 7):
 par new generation   total 39296K, used 39296K [0x00000000d1200000, 0x00000000d3ca0000, 0x00000000e0c00000)
  eden space 34944K, 100% used [0x00000000d1200000, 0x00000000d3420000, 0x00000000d3420000)
  from space 4352K, 100% used [0x00000000d3860000, 0x00000000d3ca0000, 0x00000000d3ca0000)
  to   space 4352K,   0% used [0x00000000d3420000, 0x00000000d3420000, 0x00000000d3860000)
 concurrent mark-sweep generation total 221380K, used 154442K [0x00000000e0c00000, 0x00000000ee431000, 0x0000000100000000)
 Metaspace       used 218800K, capacity 225599K, committed 225824K, reserved 1245184K
  class space    used 28061K, capacity 30621K, committed 30648K, reserved 1048576K
}
Event: 120.982 GC heap after
{Heap after GC invocations=44 (full 7):
 par new generation   total 39296K, used 4352K [0x00000000d1200000, 0x00000000d3ca0000, 0x00000000e0c00000)
  eden space 34944K,   0% used [0x00000000d1200000, 0x00000000d1200000, 0x00000000d3420000)
  from space 4352K, 100% used [0x00000000d3420000, 0x00000000d3860000, 0x00000000d3860000)
  to   space 4352K,   0% used [0x00000000d3860000, 0x00000000d3860000, 0x00000000d3ca0000)
 concurrent mark-sweep generation total 221380K, used 156853K [0x00000000e0c00000, 0x00000000ee431000, 0x0000000100000000)
 Metaspace       used 218800K, capacity 225599K, committed 225824K, reserved 1245184K
  class space    used 28061K, capacity 30621K, committed 30648K, reserved 1048576K
}
Event: 121.150 GC heap before
{Heap before GC invocations=44 (full 7):
 par new generation   total 39296K, used 39296K [0x00000000d1200000, 0x00000000d3ca0000, 0x00000000e0c00000)
  eden space 34944K, 100% used [0x00000000d1200000, 0x00000000d3420000, 0x00000000d3420000)
  from space 4352K, 100% used [0x00000000d3420000, 0x00000000d3860000, 0x00000000d3860000)
  to   space 4352K,   0% used [0x00000000d3860000, 0x00000000d3860000, 0x00000000d3ca0000)
 concurrent mark-sweep generation total 221380K, used 156853K [0x00000000e0c00000, 0x00000000ee431000, 0x0000000100000000)
 Metaspace       used 218947K, capacity 225872K, committed 226080K, reserved 1245184K
  class space    used 28074K, capacity 30626K, committed 30648K, reserved 1048576K
}
Event: 121.163 GC heap after
{Heap after GC invocations=45 (full 7):
 par new generation   total 39296K, used 4352K [0x00000000d1200000, 0x00000000d3ca0000, 0x00000000e0c00000)
  eden space 34944K,   0% used [0x00000000d1200000, 0x00000000d1200000, 0x00000000d3420000)
  from space 4352K, 100% used [0x00000000d3860000, 0x00000000d3ca0000, 0x00000000d3ca0000)
  to   space 4352K,   0% used [0x00000000d3420000, 0x00000000d3420000, 0x00000000d3860000)
 concurrent mark-sweep generation total 221380K, used 160270K [0x00000000e0c00000, 0x00000000ee431000, 0x0000000100000000)
 Metaspace       used 218947K, capacity 225872K, committed 226080K, reserved 1245184K
  class space    used 28074K, capacity 30626K, committed 30648K, reserved 1048576K
}
Event: 121.319 GC heap before
{Heap before GC invocations=45 (full 7):
 par new generation   total 39296K, used 39296K [0x00000000d1200000, 0x00000000d3ca0000, 0x00000000e0c00000)
  eden space 34944K, 100% used [0x00000000d1200000, 0x00000000d3420000, 0x00000000d3420000)
  from space 4352K, 100% used [0x00000000d3860000, 0x00000000d3ca0000, 0x00000000d3ca0000)
  to   space 4352K,   0% used [0x00000000d3420000, 0x00000000d3420000, 0x00000000d3860000)
 concurrent mark-sweep generation total 221380K, used 160270K [0x00000000e0c00000, 0x00000000ee431000, 0x0000000100000000)
 Metaspace       used 219139K, capacity 225942K, committed 226080K, reserved 1245184K
  class space    used 28082K, capacity 30626K, committed 30648K, reserved 1048576K
}
Event: 121.334 GC heap after
{Heap after GC invocations=46 (full 7):
 par new generation   total 39296K, used 4352K [0x00000000d1200000, 0x00000000d3ca0000, 0x00000000e0c00000)
  eden space 34944K,   0% used [0x00000000d1200000, 0x00000000d1200000, 0x00000000d3420000)
  from space 4352K, 100% used [0x00000000d3420000, 0x00000000d3860000, 0x00000000d3860000)
  to   space 4352K,   0% used [0x00000000d3860000, 0x00000000d3860000, 0x00000000d3ca0000)
 concurrent mark-sweep generation total 221380K, used 164560K [0x00000000e0c00000, 0x00000000ee431000, 0x0000000100000000)
 Metaspace       used 219139K, capacity 225942K, committed 226080K, reserved 1245184K
  class space    used 28082K, capacity 30626K, committed 30648K, reserved 1048576K
}
Event: 121.606 GC heap before
{Heap before GC invocations=46 (full 7):
 par new generation   total 39296K, used 39296K [0x00000000d1200000, 0x00000000d3ca0000, 0x00000000e0c00000)
  eden space 34944K, 100% used [0x00000000d1200000, 0x00000000d3420000, 0x00000000d3420000)
  from space 4352K, 100% used [0x00000000d3420000, 0x00000000d3860000, 0x00000000d3860000)
  to   space 4352K,   0% used [0x00000000d3860000, 0x00000000d3860000, 0x00000000d3ca0000)
 concurrent mark-sweep generation total 221380K, used 164560K [0x00000000e0c00000, 0x00000000ee431000, 0x0000000100000000)
 Metaspace       used 219436K, capacity 226326K, committed 226464K, reserved 1245184K
  class space    used 28101K, capacity 30690K, committed 30776K, reserved 1048576K
}
Event: 121.620 GC heap after
{Heap after GC invocations=47 (full 7):
 par new generation   total 39296K, used 4352K [0x00000000d1200000, 0x00000000d3ca0000, 0x00000000e0c00000)
  eden space 34944K,   0% used [0x00000000d1200000, 0x00000000d1200000, 0x00000000d3420000)
  from space 4352K, 100% used [0x00000000d3860000, 0x00000000d3ca0000, 0x00000000d3ca0000)
  to   space 4352K,   0% used [0x00000000d3420000, 0x00000000d3420000, 0x00000000d3860000)
 concurrent mark-sweep generation total 221380K, used 168737K [0x00000000e0c00000, 0x00000000ee431000, 0x0000000100000000)
 Metaspace       used 219436K, capacity 226326K, committed 226464K, reserved 1245184K
  class space    used 28101K, capacity 30690K, committed 30776K, reserved 1048576K
}
Event: 122.226 GC heap before
{Heap before GC invocations=47 (full 7):
 par new generation   total 39296K, used 39296K [0x00000000d1200000, 0x00000000d3ca0000, 0x00000000e0c00000)
  eden space 34944K, 100% used [0x00000000d1200000, 0x00000000d3420000, 0x00000000d3420000)
  from space 4352K, 100% used [0x00000000d3860000, 0x00000000d3ca0000, 0x00000000d3ca0000)
  to   space 4352K,   0% used [0x00000000d3420000, 0x00000000d3420000, 0x00000000d3860000)
 concurrent mark-sweep generation total 221380K, used 168737K [0x00000000e0c00000, 0x00000000ee431000, 0x0000000100000000)
 Metaspace       used 219699K, capacity 226655K, committed 226976K, reserved 1245184K
  class space    used 28113K, capacity 30690K, committed 30776K, reserved 1048576K
}
Event: 122.241 GC heap after
{Heap after GC invocations=48 (full 7):
 par new generation   total 39296K, used 4352K [0x00000000d1200000, 0x00000000d3ca0000, 0x00000000e0c00000)
  eden space 34944K,   0% used [0x00000000d1200000, 0x00000000d1200000, 0x00000000d3420000)
  from space 4352K, 100% used [0x00000000d3420000, 0x00000000d3860000, 0x00000000d3860000)
  to   space 4352K,   0% used [0x00000000d3860000, 0x00000000d3860000, 0x00000000d3ca0000)
 concurrent mark-sweep generation total 221380K, used 172920K [0x00000000e0c00000, 0x00000000ee431000, 0x0000000100000000)
 Metaspace       used 219699K, capacity 226655K, committed 226976K, reserved 1245184K
  class space    used 28113K, capacity 30690K, committed 30776K, reserved 1048576K
}
Event: 124.217 GC heap before
{Heap before GC invocations=48 (full 7):
 par new generation   total 39296K, used 39296K [0x00000000d1200000, 0x00000000d3ca0000, 0x00000000e0c00000)
  eden space 34944K, 100% used [0x00000000d1200000, 0x00000000d3420000, 0x00000000d3420000)
  from space 4352K, 100% used [0x00000000d3420000, 0x00000000d3860000, 0x00000000d3860000)
  to   space 4352K,   0% used [0x00000000d3860000, 0x00000000d3860000, 0x00000000d3ca0000)
 concurrent mark-sweep generation total 221380K, used 172920K [0x00000000e0c00000, 0x00000000ee431000, 0x0000000100000000)
 Metaspace       used 220230K, capacity 227060K, committed 227232K, reserved 1245184K
  class space    used 28119K, capacity 30690K, committed 30776K, reserved 1048576K
}
Event: 124.233 GC heap after
{Heap after GC invocations=49 (full 7):
 par new generation   total 39296K, used 4352K [0x00000000d1200000, 0x00000000d3ca0000, 0x00000000e0c00000)
  eden space 34944K,   0% used [0x00000000d1200000, 0x00000000d1200000, 0x00000000d3420000)
  from space 4352K, 100% used [0x00000000d3860000, 0x00000000d3ca0000, 0x00000000d3ca0000)
  to   space 4352K,   0% used [0x00000000d3420000, 0x00000000d3420000, 0x00000000d3860000)
 concurrent mark-sweep generation total 221380K, used 178069K [0x00000000e0c00000, 0x00000000ee431000, 0x0000000100000000)
 Metaspace       used 220230K, capacity 227060K, committed 227232K, reserved 1245184K
  class space    used 28119K, capacity 30690K, committed 30776K, reserved 1048576K
}

Deoptimization events (20 events):
Event: 124.430 Thread 0x000000002e521000 DEOPT PACKING pc=0x00000000171eb3ac sp=0x000000003b4cb150
Event: 124.430 Thread 0x000000002e521000 DEOPT UNPACKING pc=0x0000000006536c2f sp=0x000000003b4cb0b8 mode 2
Event: 124.430 Thread 0x000000003563f800 Uncommon trap: trap_request=0xffffff4d fr.pc=0x00000000171eb3ac relative=0x00000000000007cc
Event: 124.430 Thread 0x000000003563f800 Uncommon trap: reason=unstable_if action=reinterpret pc=0x00000000171eb3ac method=com.intellij.util.io.IOUtil.readUTFFast([BLjava/io/DataInput;)Ljava/lang/String; @ 60 c2
Event: 124.430 Thread 0x000000003563f800 DEOPT PACKING pc=0x00000000171eb3ac sp=0x00000000450a90a0
Event: 124.430 Thread 0x000000003563f800 DEOPT UNPACKING pc=0x0000000006536c2f sp=0x00000000450a9008 mode 2
Event: 124.474 Thread 0x000000002e51f800 Uncommon trap: trap_request=0xffffff4d fr.pc=0x000000001720674c relative=0x0000000000000fac
Event: 124.474 Thread 0x000000002b2fa800 Uncommon trap: trap_request=0xffffff4d fr.pc=0x000000001720674c relative=0x0000000000000fac
Event: 124.474 Thread 0x000000002b2fa800 Uncommon trap: reason=unstable_if action=reinterpret pc=0x000000001720674c method=java.util.concurrent.locks.ReentrantReadWriteLock$Sync.tryAcquireShared(I)I @ 105 c2
Event: 124.474 Thread 0x000000002b2fa800 DEOPT PACKING pc=0x000000001720674c sp=0x000000002d02b240
Event: 124.474 Thread 0x000000002b2fa800 DEOPT UNPACKING pc=0x0000000006536c2f sp=0x000000002d02b128 mode 2
Event: 124.474 Thread 0x000000002e51f800 Uncommon trap: reason=unstable_if action=reinterpret pc=0x000000001720674c method=java.util.concurrent.locks.ReentrantReadWriteLock$Sync.tryAcquireShared(I)I @ 105 c2
Event: 124.474 Thread 0x000000002e51f800 DEOPT PACKING pc=0x000000001720674c sp=0x0000000040579a00
Event: 124.474 Thread 0x000000002e51f800 DEOPT UNPACKING pc=0x0000000006536c2f sp=0x00000000405798e8 mode 2
Event: 124.563 Thread 0x000000002e521000 DEOPT PACKING pc=0x00000000090942a0 sp=0x000000003b4c99b0
Event: 124.563 Thread 0x000000002e521000 DEOPT UNPACKING pc=0x0000000006536a4e sp=0x000000003b4c8f78 mode 0
Event: 125.289 Thread 0x000000002b2fa800 Uncommon trap: trap_request=0xffffff4d fr.pc=0x000000001723e844 relative=0x0000000000001324
Event: 125.289 Thread 0x000000002b2fa800 Uncommon trap: reason=unstable_if action=reinterpret pc=0x000000001723e844 method=com.intellij.psi.stubs.LazyStubData.stubBytes(I)Ljava/io/ByteArrayInputStream; @ 7 c2
Event: 125.289 Thread 0x000000002b2fa800 DEOPT PACKING pc=0x000000001723e844 sp=0x000000002d02cec0
Event: 125.289 Thread 0x000000002b2fa800 DEOPT UNPACKING pc=0x0000000006536c2f sp=0x000000002d02cd58 mode 2

Classes redefined (0 events):
No events

Internal exceptions (20 events):
Event: 117.563 Thread 0x000000002e522800 Exception <a 'java/lang/NoSuchMethodError'{0x00000000d178cf90}: 'java.lang.Object java.lang.invoke.Invokers$Holder.linkToTargetMethod(java.lang.Object, int, int, java.lang.Object, java.lang.Object)'> (0x00000000d178cf90) thrown at [./src/hotspot/share/interpreter/linkResolver.cpp, line 773]
Event: 117.663 Thread 0x000000002b2ff800 Exception <a 'java/io/IOException'{0x00000000d1945ae8}> (0x00000000d1945ae8) thrown at [./src/hotspot/share/prims/jni.cpp, line 615]
Event: 117.751 Thread 0x000000002b2ff800 Exception <a 'java/io/IOException'{0x00000000d1a5f730}> (0x00000000d1a5f730) thrown at [./src/hotspot/share/prims/jni.cpp, line 615]
Event: 117.779 Thread 0x000000002b2ff800 Exception <a 'java/io/IOException'{0x00000000d1abe710}> (0x00000000d1abe710) thrown at [./src/hotspot/share/prims/jni.cpp, line 615]
Event: 117.848 Thread 0x000000003563f800 Exception <a 'java/io/IOException'{0x00000000d1b713c8}> (0x00000000d1b713c8) thrown at [./src/hotspot/share/prims/jni.cpp, line 615]
Event: 117.986 Thread 0x0000000035639000 Exception <a 'java/io/IOException'{0x00000000d1c67668}> (0x00000000d1c67668) thrown at [./src/hotspot/share/prims/jni.cpp, line 615]
Event: 117.989 Thread 0x000000002e516800 Exception <a 'java/io/IOException'{0x00000000d12884e8}> (0x00000000d12884e8) thrown at [./src/hotspot/share/prims/jni.cpp, line 615]
Event: 118.823 Thread 0x000000002b2fc000 Exception <a 'sun/nio/fs/WindowsException'{0x00000000d22b0030}> (0x00000000d22b0030) thrown at [./src/hotspot/share/prims/jni.cpp, line 615]
Event: 119.049 Thread 0x000000002b2fc000 Exception <a 'java/lang/NoSuchMethodError'{0x00000000d22f2688}: 'void java.lang.invoke.DirectMethodHandle$Holder.invokeStaticInit(java.lang.Object, java.lang.Object, java.lang.Object, java.lang.Object)'> (0x00000000d22f2688) thrown at [./src/hotspot/share/interpreter/linkResolver.cpp, line 773]
Event: 119.625 Thread 0x000000002b2fc000 Exception <a 'java/lang/NoSuchMethodError'{0x00000000d2597708}: 'void java.lang.invoke.DirectMethodHandle$Holder.invokeSpecial(java.lang.Object, java.lang.Object, int, java.lang.Object, java.lang.Object)'> (0x00000000d2597708) thrown at [./src/hotspot/share/interpreter/linkResolver.cpp, line 773]
Event: 119.863 Thread 0x000000002e521000 Implicit null exception at 0x00000000170d5e67 to 0x00000000170d76d0
Event: 120.327 Thread 0x000000002e521000 Exception <a 'sun/nio/fs/WindowsException'{0x00000000d2b3f288}> (0x00000000d2b3f288) thrown at [./src/hotspot/share/prims/jni.cpp, line 615]
Event: 120.586 Thread 0x000000002e521000 Implicit null exception at 0x0000000016e4804c to 0x0000000016e48138
Event: 120.927 Thread 0x000000002e521000 Exception <a 'java/lang/NoSuchMethodError'{0x00000000d30c3d30}: 'java.lang.Object java.lang.invoke.Invokers$Holder.linkToTargetMethod(java.lang.Object, java.lang.Object, java.lang.Object, java.lang.Object, int, java.lang.Object, java.lang.Object)'> (0x00000000d30c3d30) thrown at [./src/hotspot/share/interpreter/linkResolver.cpp, line 773]
Event: 121.045 Thread 0x000000002e521000 Exception <a 'java/lang/NoSuchMethodError'{0x00000000d1f2b600}: 'void java.lang.invoke.DirectMethodHandle$Holder.invokeStatic(java.lang.Object, java.lang.Object, java.lang.Object, java.lang.Object, java.lang.Object, java.lang.Object, java.lang.Object)'> (0x00000000d1f2b600) thrown at [./src/hotspot/share/interpreter/linkResolver.cpp, line 773]
Event: 122.252 Thread 0x000000002e516800 Exception <a 'sun/nio/fs/WindowsException'{0x00000000d1229e48}> (0x00000000d1229e48) thrown at [./src/hotspot/share/prims/jni.cpp, line 615]
Event: 122.253 Thread 0x000000002e516800 Exception <a 'sun/nio/fs/WindowsException'{0x00000000d122a5c0}> (0x00000000d122a5c0) thrown at [./src/hotspot/share/prims/jni.cpp, line 615]
Event: 122.254 Thread 0x000000002e516800 Exception <a 'sun/nio/fs/WindowsException'{0x00000000d122ad38}> (0x00000000d122ad38) thrown at [./src/hotspot/share/prims/jni.cpp, line 615]
Event: 124.474 Thread 0x000000002e51f800 Implicit null exception at 0x00000000172058e9 to 0x0000000017206730
Event: 124.474 Thread 0x000000002b2fa800 Implicit null exception at 0x00000000172058e9 to 0x0000000017206730

Events (20 events):
Event: 125.336 loading class com/intellij/psi/PsiElement
Event: 125.336 loading class com/intellij/psi/PsiElement done
Event: 125.336 loading class com/intellij/openapi/util/Condition
Event: 125.336 loading class com/intellij/openapi/util/Condition done
Event: 125.336 loading class com/intellij/psi/PsiJavaCodeReferenceElement
Event: 125.336 loading class com/intellij/psi/PsiJavaCodeReferenceElement done
Event: 125.336 loading class com/intellij/psi/PsiJavaCodeReferenceElement
Event: 125.336 loading class com/intellij/psi/PsiJavaCodeReferenceElement done
Event: 125.454 loading class com/intellij/psi/PsiClass
Event: 125.454 loading class com/intellij/psi/PsiClass done
Event: 125.454 loading class com/intellij/psi/PsiClass
Event: 125.454 loading class com/intellij/psi/PsiClass done
Event: 125.454 loading class com/intellij/util/NotNullFunction
Event: 125.454 loading class com/intellij/util/NotNullFunction done
Event: 125.455 loading class com/intellij/psi/util/PsiCacheKey
Event: 125.455 loading class com/intellij/psi/util/PsiCacheKey done
Event: 125.456 loading class com/intellij/psi/PsiClass
Event: 125.456 loading class com/intellij/psi/PsiClass done
Event: 125.456 loading class com/intellij/util/Function
Event: 125.456 loading class com/intellij/util/Function done


Dynamic libraries:
0x0000000140000000 - 0x0000000140146000 	C:\Program Files\JetBrains\IntelliJ IDEA Community Edition 2020.3.1\bin\idea64.exe
0x00007ffbf8580000 - 0x00007ffbf8770000 	C:\Windows\SYSTEM32\ntdll.dll
0x00007ffbf83d0000 - 0x00007ffbf8482000 	C:\Windows\System32\KERNEL32.DLL
0x00007ffbf5740000 - 0x00007ffbf59e5000 	C:\Windows\System32\KERNELBASE.dll
0x00007ffbf67c0000 - 0x00007ffbf6954000 	C:\Windows\System32\USER32.dll
0x00007ffbf5510000 - 0x00007ffbf5531000 	C:\Windows\System32\win32u.dll
0x00007ffbf7e60000 - 0x00007ffbf7e86000 	C:\Windows\System32\GDI32.dll
0x00007ffbf5540000 - 0x00007ffbf56d8000 	C:\Windows\System32\gdi32full.dll
0x00007ffbf64d0000 - 0x00007ffbf656e000 	C:\Windows\System32\msvcp_win.dll
0x00007ffbf63d0000 - 0x00007ffbf64ca000 	C:\Windows\System32\ucrtbase.dll
0x00007ffbf8490000 - 0x00007ffbf8533000 	C:\Windows\System32\ADVAPI32.dll
0x00007ffbf6bc0000 - 0x00007ffbf6c5e000 	C:\Windows\System32\msvcrt.dll
0x00007ffbf8290000 - 0x00007ffbf8327000 	C:\Windows\System32\sechost.dll
0x00007ffbf6960000 - 0x00007ffbf6a7f000 	C:\Windows\System32\RPCRT4.dll
0x00007ffbf6ed0000 - 0x00007ffbf75b8000 	C:\Windows\System32\SHELL32.dll
0x00007ffbf6380000 - 0x00007ffbf63ca000 	C:\Windows\System32\cfgmgr32.dll
0x00007ffbf6700000 - 0x00007ffbf67a7000 	C:\Windows\System32\shcore.dll
0x00007ffbf7650000 - 0x00007ffbf7986000 	C:\Windows\System32\combase.dll
0x00007ffbf6570000 - 0x00007ffbf65f1000 	C:\Windows\System32\bcryptPrimitives.dll
0x00007ffbf5b50000 - 0x00007ffbf62cb000 	C:\Windows\System32\windows.storage.dll
0x00007ffbf5460000 - 0x00007ffbf547e000 	C:\Windows\System32\profapi.dll
0x00007ffbf54a0000 - 0x00007ffbf54ea000 	C:\Windows\System32\powrprof.dll
0x00007ffbf5430000 - 0x00007ffbf5440000 	C:\Windows\System32\UMPDC.dll
0x00007ffbf7e00000 - 0x00007ffbf7e52000 	C:\Windows\System32\shlwapi.dll
0x00007ffbf5440000 - 0x00007ffbf5451000 	C:\Windows\System32\kernel.appcore.dll
0x00007ffbf54f0000 - 0x00007ffbf5507000 	C:\Windows\System32\cryptsp.dll
0x00007ffbf8130000 - 0x00007ffbf8287000 	C:\Windows\System32\ole32.dll
0x00007ffbf8330000 - 0x00007ffbf835e000 	C:\Windows\System32\IMM32.DLL
0x00007ffbc94e0000 - 0x00007ffbc9fae000 	C:\Program Files\JetBrains\IntelliJ IDEA Community Edition 2020.3.1\jbr\bin\server\jvm.dll
0x00007ffbf7640000 - 0x00007ffbf7648000 	C:\Windows\System32\PSAPI.DLL
0x00007ffbee930000 - 0x00007ffbee939000 	C:\Windows\SYSTEM32\WSOCK32.dll
0x00007ffbf6e60000 - 0x00007ffbf6ecf000 	C:\Windows\System32\WS2_32.dll
0x00007ffbf2680000 - 0x00007ffbf26a4000 	C:\Windows\SYSTEM32\WINMM.dll
0x00007ffbe9fb0000 - 0x00007ffbe9fba000 	C:\Windows\SYSTEM32\VERSION.dll
0x00007ffbee270000 - 0x00007ffbee289000 	C:\Windows\SYSTEM32\VCRUNTIME140.dll
0x00007ffbf2650000 - 0x00007ffbf267d000 	C:\Windows\SYSTEM32\WINMMBASE.dll
0x00007ffbee140000 - 0x00007ffbee151000 	C:\Program Files\JetBrains\IntelliJ IDEA Community Edition 2020.3.1\jbr\bin\verify.dll
0x00007ffbe4750000 - 0x00007ffbe4944000 	C:\Windows\SYSTEM32\DBGHELP.DLL
0x00007ffbe42e0000 - 0x00007ffbe430a000 	C:\Windows\SYSTEM32\dbgcore.DLL
0x00007ffbea0d0000 - 0x00007ffbea0f9000 	C:\Program Files\JetBrains\IntelliJ IDEA Community Edition 2020.3.1\jbr\bin\java.dll
0x00007ffbf0130000 - 0x00007ffbf013b000 	C:\Program Files\JetBrains\IntelliJ IDEA Community Edition 2020.3.1\jbr\bin\jimage.dll
0x00007ffbee0d0000 - 0x00007ffbee0e8000 	C:\Program Files\JetBrains\IntelliJ IDEA Community Edition 2020.3.1\jbr\bin\zip.dll
0x00007ffbea090000 - 0x00007ffbea0aa000 	C:\Program Files\JetBrains\IntelliJ IDEA Community Edition 2020.3.1\jbr\bin\net.dll
0x00007ffbea1b0000 - 0x00007ffbea2aa000 	C:\Windows\SYSTEM32\WINHTTP.dll
0x00007ffbf4c70000 - 0x00007ffbf4cd7000 	C:\Windows\system32\mswsock.dll
0x00007ffbea070000 - 0x00007ffbea084000 	C:\Program Files\JetBrains\IntelliJ IDEA Community Edition 2020.3.1\jbr\bin\nio.dll
0x00007ffbeea90000 - 0x00007ffbeea9a000 	C:\Program Files\JetBrains\IntelliJ IDEA Community Edition 2020.3.1\jbr\bin\management.dll
0x00007ffbee830000 - 0x00007ffbee83c000 	C:\Program Files\JetBrains\IntelliJ IDEA Community Edition 2020.3.1\jbr\bin\management_ext.dll
0x00007ffbcf160000 - 0x00007ffbcf304000 	C:\Program Files\JetBrains\IntelliJ IDEA Community Edition 2020.3.1\jbr\bin\awt.dll
0x00007ffbf6630000 - 0x00007ffbf66f5000 	C:\Windows\System32\OLEAUT32.dll
0x00007ffbf3ad0000 - 0x00007ffbf3afd000 	C:\Windows\SYSTEM32\dwmapi.dll
0x00007ffbc9240000 - 0x00007ffbc92d2000 	C:\Windows\SYSTEM32\MSVCP140.dll
0x00007ffbcb8e0000 - 0x00007ffbcb8ec000 	C:\Windows\SYSTEM32\VCRUNTIME140_1.dll
0x00007ffbf2da0000 - 0x00007ffbf2e2f000 	C:\Windows\SYSTEM32\apphelp.dll
0x00007ffbe1580000 - 0x00007ffbe1629000 	C:\Windows\WinSxS\amd64_microsoft.windows.common-controls_6595b64144ccf1df_5.82.18362.1440_none_73b6d8b6d812b8c6\COMCTL32.dll
0x00007ffbf3780000 - 0x00007ffbf3819000 	C:\Windows\system32\uxtheme.dll
0x00007ffbf6a80000 - 0x00007ffbf6bb5000 	C:\Windows\System32\MSCTF.dll
0x00007ffbe41b0000 - 0x00007ffbe4235000 	C:\Program Files\JetBrains\IntelliJ IDEA Community Edition 2020.3.1\jbr\bin\freetype.dll
0x00007ffbe4100000 - 0x00007ffbe41a9000 	C:\Program Files\JetBrains\IntelliJ IDEA Community Edition 2020.3.1\jbr\bin\fontmanager.dll
0x00007ffbee560000 - 0x00007ffbee56a000 	C:\Program Files\JetBrains\IntelliJ IDEA Community Edition 2020.3.1\jbr\bin\prefs.dll
0x00007ffbd47b0000 - 0x00007ffbd4906000 	C:\Windows\system32\opengl32.dll
0x00007ffbd4740000 - 0x00007ffbd476c000 	C:\Windows\SYSTEM32\GLU32.dll
0x00007ffbf4070000 - 0x00007ffbf4090000 	C:\Windows\SYSTEM32\dxcore.dll
0x00007ffbf47f0000 - 0x00007ffbf4823000 	C:\Windows\system32\rsaenh.dll
0x00007ffbf6600000 - 0x00007ffbf6626000 	C:\Windows\System32\bcrypt.dll
0x00007ffbf5310000 - 0x00007ffbf5335000 	C:\Windows\SYSTEM32\USERENV.dll
0x00007ffbf4e40000 - 0x00007ffbf4e4c000 	C:\Windows\SYSTEM32\CRYPTBASE.dll
0x00007ffbf4980000 - 0x00007ffbf49ba000 	C:\Windows\SYSTEM32\IPHLPAPI.DLL
0x00007ffbf67b0000 - 0x00007ffbf67b8000 	C:\Windows\System32\NSI.dll
0x00007ffbeb520000 - 0x00007ffbeb536000 	C:\Windows\SYSTEM32\dhcpcsvc6.DLL
0x00007ffbebb80000 - 0x00007ffbebb9c000 	C:\Windows\SYSTEM32\dhcpcsvc.DLL
0x00007ffbf49c0000 - 0x00007ffbf4a8b000 	C:\Windows\SYSTEM32\DNSAPI.dll
0x00007ffbe9900000 - 0x00007ffbe9941000 	C:\Users\VEDIT\AppData\Local\JetBrains\IdeaIC2020.3\tmp\jna6762592373478940732.dll
0x00007ffbe9d20000 - 0x00007ffbe9d3b000 	C:\Program Files\JetBrains\IntelliJ IDEA Community Edition 2020.3.1\bin\IdeaWin64.dll
0x00007ffbe5810000 - 0x00007ffbe5838000 	C:\Program Files\JetBrains\IntelliJ IDEA Community Edition 2020.3.1\jbr\bin\sunec.dll
0x00007ffbe9400000 - 0x00007ffbe940a000 	C:\Windows\System32\rasadhlp.dll
0x00007ffbf6db0000 - 0x00007ffbf6e52000 	C:\Windows\System32\clbcatq.dll
0x00007ffbe0840000 - 0x00007ffbe0ac4000 	C:\Windows\WinSxS\amd64_microsoft.windows.common-controls_6595b64144ccf1df_6.0.18362.1440_none_9e7dbfb9e45e8e67\comctl32.dll
0x00007ffbefb80000 - 0x00007ffbefd2f000 	C:\Windows\SYSTEM32\WindowsCodecs.dll
0x00007ffbd4640000 - 0x00007ffbd467b000 	C:\Windows\system32\dataexchange.dll
0x00007ffbf2100000 - 0x00007ffbf22dd000 	C:\Windows\system32\dcomp.dll
0x00007ffbf1200000 - 0x00007ffbf145b000 	C:\Windows\system32\d3d11.dll
0x00007ffbf4100000 - 0x00007ffbf41eb000 	C:\Windows\system32\dxgi.dll
0x00007ffbf3850000 - 0x00007ffbf3aaa000 	C:\Windows\system32\twinapi.appcore.dll
0x00007ffbf3d60000 - 0x00007ffbf3d89000 	C:\Windows\system32\RMCLIENT.dll
0x00007ffbdb6a0000 - 0x00007ffbdb6c2000 	C:\Users\VEDIT\AppData\Local\JetBrains\IdeaIC2020.3\tmp\winp.x64.BFFE30B3B50581290B1866EF8D48C609.dll
0x00007ffbee500000 - 0x00007ffbee52d000 	C:\Program Files\JetBrains\IntelliJ IDEA Community Edition 2020.3.1\jbr\bin\javajpeg.dll
0x00007ffbdb230000 - 0x00007ffbdb256000 	C:\Users\VEDIT\.gradle\native\fdc75f09e3144964f2cf3f50f0aa648679c211496f362492102eb8c894070792\windows-amd64\native-platform.dll
0x00007ffbcee50000 - 0x00007ffbcefe1000 	C:\Users\VEDIT\.gradle\native\12488b8bf47d2d4c9fbf2f6322a914ad602e24e48041cd04a747c6da556b65c4\windows-amd64\native-platform-file-events.dll
0x00007ffbee670000 - 0x00007ffbee67b000 	C:\Windows\SYSTEM32\WINNSI.DLL
0x00007ffbd4430000 - 0x00007ffbd4636000 	C:\Windows\system32\explorerframe.dll
0x00007ffbeeae0000 - 0x00007ffbef24f000 	C:\Windows\System32\OneCoreUAPCommonProxyStub.dll

dbghelp: loaded successfully - version: 4.0.5 - missing functions: none
symbol engine: initialized successfully - sym options: 0x614 - pdb path: .;C:\Program Files\JetBrains\IntelliJ IDEA Community Edition 2020.3.1\bin;C:\Windows\SYSTEM32;C:\Program Files\JetBrains\IntelliJ IDEA Community Edition 2020.3.1\jbr\bin\server;C:\Program Files\JetBrains\IntelliJ IDEA Community Edition 2020.3.1\jbr\bin;C:\Windows\WinSxS\amd64_microsoft.windows.common-controls_6595b64144ccf1df_5.82.18362.1440_none_73b6d8b6d812b8c6;C:\Users\VEDIT\AppData\Local\JetBrains\IdeaIC2020.3\tmp;C:\Windows\WinSxS\amd64_microsoft.windows.common-controls_6595b64144ccf1df_6.0.18362.1440_none_9e7dbfb9e45e8e67;C:\Users\VEDIT\.gradle\native\fdc75f09e3144964f2cf3f50f0aa648679c211496f362492102eb8c894070792\windows-amd64;C:\Users\VEDIT\.gradle\native\12488b8bf47d2d4c9fbf2f6322a914ad602e24e48041cd04a747c6da556b65c4\windows-amd64

VM Arguments:
jvm_args: exit -Xms128m -Xmx750m -XX:ReservedCodeCacheSize=512m -XX:+UseConcMarkSweepGC -XX:SoftRefLRUPolicyMSPerMB=50 -XX:CICompilerCount=2 -XX:+HeapDumpOnOutOfMemoryError -XX:-OmitStackTraceInFastThrow -ea -Dsun.io.useCanonCaches=false -Djdk.http.auth.tunneling.disabledSchemes="" -Djdk.attach.allowAttachSelf=true -Djdk.module.illegalAccess.silent=true -Dkotlinx.coroutines.debug=off -Djb.vmOptionsFile=C:\Users\VEDIT\AppData\Roaming\JetBrains\IdeaIC2020.3\idea64.exe.vmoptions -Djava.library.path=C:\Program Files\JetBrains\IntelliJ IDEA Community Edition 2020.3.1\jbr\\bin;C:\Program Files\JetBrains\IntelliJ IDEA Community Edition 2020.3.1\jbr\\bin\server -Didea.platform.prefix=Idea -Didea.jre.check=true -Dide.native.launcher=true -Didea.vendor.name=JetBrains -Didea.paths.selector=IdeaIC2020.3 -XX:ErrorFile=C:\Users\VEDIT\java_error_in_idea64_%p.log -XX:HeapDumpPath=C:\Users\VEDIT\java_error_in_idea64.hprof 
java_command: <unknown>
java_class_path (initial): C:\Program Files\JetBrains\IntelliJ IDEA Community Edition 2020.3.1\lib\bootstrap.jar;C:\Program Files\JetBrains\IntelliJ IDEA Community Edition 2020.3.1\lib\extensions.jar;C:\Program Files\JetBrains\IntelliJ IDEA Community Edition 2020.3.1\lib\util.jar;C:\Program Files\JetBrains\IntelliJ IDEA Community Edition 2020.3.1\lib\jdom.jar;C:\Program Files\JetBrains\IntelliJ IDEA Community Edition 2020.3.1\lib\log4j.jar;C:\Program Files\JetBrains\IntelliJ IDEA Community Edition 2020.3.1\lib\jna.jar
Launcher Type: generic

[Global flags]
     intx CICompilerCount                          = 2                                         {product} {command line}
    ccstr ErrorFile                                = C:\Users\VEDIT\java_error_in_idea64_%p.log            {product} {command line}
     bool HeapDumpOnOutOfMemoryError               = true                                   {manageable} {command line}
    ccstr HeapDumpPath                             = C:\Users\VEDIT\java_error_in_idea64.hprof         {manageable} {command line}
   size_t InitialHeapSize                          = 134217728                                 {product} {command line}
   size_t MaxHeapSize                              = 786432000                                 {product} {command line}
   size_t MaxNewSize                               = 262144000                                 {product} {ergonomic}
    uintx MaxTenuringThreshold                     = 6                                         {product} {ergonomic}
   size_t MinHeapDeltaBytes                        = 196608                                    {product} {ergonomic}
   size_t NewSize                                  = 44695552                                  {product} {ergonomic}
    uintx NonNMethodCodeHeapSize                   = 5825164                                {pd product} {ergonomic}
    uintx NonProfiledCodeHeapSize                  = 265522874                              {pd product} {ergonomic}
   size_t OldSize                                  = 89522176                                  {product} {ergonomic}
     bool OmitStackTraceInFastThrow                = false                                     {product} {command line}
    uintx ProfiledCodeHeapSize                     = 265522874                              {pd product} {ergonomic}
    uintx ReservedCodeCacheSize                    = 536870912                              {pd product} {command line}
     bool SegmentedCodeCache                       = true                                      {product} {ergonomic}
     intx SoftRefLRUPolicyMSPerMB                  = 50                                        {product} {command line}
     bool UseCompressedClassPointers               = true                                 {lp64_product} {ergonomic}
     bool UseCompressedOops                        = true                                 {lp64_product} {ergonomic}
     bool UseConcMarkSweepGC                       = true                                      {product} {command line}
     bool UseLargePagesIndividualAllocation        = false                                  {pd product} {ergonomic}

Logging:
Log output configuration:
 #0: stdout all=warning uptime,level,tags
 #1: stderr all=off uptime,level,tags

Environment Variables:
PATH=C:\Program Files\Common Files\Oracle\Java\javapath;C:\Windows\system32;C:\Windows;C:\Windows\System32\Wbem;C:\Windows\System32\WindowsPowerShell\v1.0\;C:\Windows\System32\OpenSSH\;C:\Users\VEDIT\AppData\Local\Programs\Python\Python39\Scripts;C:\Users\VEDIT\AppData\Local\Programs\Python\Python39;C:\Users\VEDIT\anaconda3\Scripts;C:\Users\VEDIT\anaconda3;C:\Users\VEDIT\anaconda3\Library\bin;C:\Program Files\Git\cmd;C:\Program Files\nodejs\;C:\Program Files\MATLAB\MATLAB Runtime\v99\runtime\win64;C:\MinGW\bin;C:\Users\VEDIT\anaconda3;C:\Users\VEDIT\anaconda3\Library\mingw-w64\bin;C:\Users\VEDIT\anaconda3\Library\usr\bin;C:\Users\VEDIT\anaconda3\Library\bin;C:\Users\VEDIT\anaconda3\Scripts;C:\Program Files\Common Files\Oracle\Java\javapath;C:\Program Files (x86)\Falcon\MinGW\bin;C:\Windows\system32;C:\Windows;C:\Windows\System32\Wbem;C:\Windows\System32\WindowsPowerShell\v1.0\;C:\Windows\System32\OpenSSH\;C:\Program Files\Java\jdk-15.0.1\bin;C:\Python34\Scripts;C:\Users\VEDIT\AppData\Local\Programs\Microsoft VS Code\bin;C:\Program Files\JetBrains\IntelliJ IDEA Community Edition 2020.3.1\bin;;C:\Users\VEDIT\AppData\Roaming\npm
USERNAME=VEDIT
OS=Windows_NT
PROCESSOR_IDENTIFIER=Intel64 Family 6 Model 58 Stepping 9, GenuineIntel



---------------  S Y S T E M  ---------------

OS: Windows 10 , 64 bit Build 18362 (10.0.18362.1350)
OS uptime: 1 days 15:23 hours

CPU:total 4 (initial active 4) (2 cores per cpu, 2 threads per core) family 6 model 58 stepping 9, cmov, cx8, fxsr, mmx, sse, sse2, sse3, ssse3, sse4.1, sse4.2, popcnt, avx, aes, clmul, erms, ht, tsc, tscinvbit, tscinv

Memory: 4k page, system-wide physical 3955M (398M free)
TotalPageFile size 16243M (AvailPageFile size 5M)
current process WorkingSet (physical memory assigned to process): 804M, peak: 804M
current process commit charge ("private bytes"): 857M, peak: 857M

vm_info: OpenJDK 64-Bit Server VM (11.0.9.1+11-b1145.63) for windows-amd64 JRE (11.0.9.1+11-b1145.63), built on Dec 21 2020 13:58:54 by "" with MS VC++ 14.0 (VS2015)

END.
