#
# There is insufficient memory for the Java Runtime Environment to continue.
# Native memory allocation (malloc) failed to allocate 923056 bytes for Chunk::new
# Possible reasons:
#   The system is out of physical RAM or swap space
#   The process is running with CompressedOops enabled, and the Java Heap may be blocking the growth of the native heap
# Possible solutions:
#   Reduce memory load on the system
#   Increase physical memory or swap space
#   Check if swap backing store is full
#   Decrease Java heap size (-Xmx/-Xms)
#   Decrease number of Java threads
#   Decrease Java thread stack sizes (-Xss)
#   Set larger code cache with -XX:ReservedCodeCacheSize=
#   JVM is running with Unscaled Compressed Oops mode in which the Java heap is
#     placed in the first 4GB address space. The Java Heap base address is the
#     maximum limit for the native heap growth. Please use -XX:HeapBaseMinAddress
#     to set the Java Heap base and to place the Java Heap above 4GB virtual address.
# This output file may be truncated or incomplete.
#
#  Out of Memory Error (./src/hotspot/share/memory/arena.cpp:197), pid=12092, tid=5964
#
# JRE version: OpenJDK Runtime Environment JBR-11.0.9.1.11-1145.63-jcef (11.0.9.1+11) (build 11.0.9.1+11-b1145.63)
# Java VM: OpenJDK 64-Bit Server VM JBR-11.0.9.1.11-1145.63-jcef (11.0.9.1+11-b1145.63, mixed mode, tiered, compressed oops, concurrent mark sweep gc, windows-amd64)
# No core dump will be written. Minidumps are not enabled by default on client versions of Windows
#

---------------  S U M M A R Y ------------

Command Line: exit -Xms128m -Xmx750m -XX:ReservedCodeCacheSize=512m -XX:+UseConcMarkSweepGC -XX:SoftRefLRUPolicyMSPerMB=50 -XX:CICompilerCount=2 -XX:+HeapDumpOnOutOfMemoryError -XX:-OmitStackTraceInFastThrow -ea -Dsun.io.useCanonCaches=false -Djdk.http.auth.tunneling.disabledSchemes="" -Djdk.attach.allowAttachSelf=true -Djdk.module.illegalAccess.silent=true -Dkotlinx.coroutines.debug=off -Djb.vmOptionsFile=C:\Users\VEDIT\AppData\Roaming\JetBrains\IdeaIC2020.3\idea64.exe.vmoptions -Djava.library.path=C:\Program Files\JetBrains\IntelliJ IDEA Community Edition 2020.3.1\jbr\\bin;C:\Program Files\JetBrains\IntelliJ IDEA Community Edition 2020.3.1\jbr\\bin\server -Didea.platform.prefix=Idea -Didea.jre.check=true -Dide.native.launcher=true -Didea.vendor.name=JetBrains -Didea.paths.selector=IdeaIC2020.3 -XX:ErrorFile=C:\Users\VEDIT\java_error_in_idea64_%p.log -XX:HeapDumpPath=C:\Users\VEDIT\java_error_in_idea64.hprof 

Host: Intel(R) Core(TM) i5-3437U CPU @ 1.90GHz, 4 cores, 3G,  Windows 10 , 64 bit Build 18362 (10.0.18362.1350)
Time: Fri Apr  9 11:18:03 2021 E. Africa Standard Time elapsed time: 220.234970 seconds (0d 0h 3m 40s)

---------------  T H R E A D  ---------------

Current thread (0x000000002a06e000):  JavaThread "C2 CompilerThread0" daemon [_thread_in_native, id=5964, stack(0x000000002aa00000,0x000000002ab00000)]


Current CompileTask:
C2: 220235 27803       4       com.intellij.psi.impl.compiled.StubBuildingVisitor::constToString (502 bytes)

Stack: [0x000000002aa00000,0x000000002ab00000]
Native frames: (J=compiled Java code, j=interpreted, Vv=VM code, C=native code)
V  [jvm.dll+0x5edd9a]
V  [jvm.dll+0x7229c5]
V  [jvm.dll+0x723f1d]
V  [jvm.dll+0x7245d3]
V  [jvm.dll+0x2431b8]
V  [jvm.dll+0xbc34c]
V  [jvm.dll+0xbc84c]
V  [jvm.dll+0x35354b]
V  [jvm.dll+0x3211f3]
V  [jvm.dll+0x3206ea]
V  [jvm.dll+0x1fc012]
V  [jvm.dll+0x1fb1e4]
V  [jvm.dll+0x183aac]
V  [jvm.dll+0x209957]
V  [jvm.dll+0x2081a1]
V  [jvm.dll+0x6eb73f]
V  [jvm.dll+0x6e42d5]
V  [jvm.dll+0x5ecd46]
C  [ucrtbase.dll+0x210b2]
C  [KERNEL32.DLL+0x17c24]
C  [ntdll.dll+0x6d721]


---------------  P R O C E S S  ---------------

Threads class SMR info:
_java_thread_list=0x000000004a084140, length=59, elements={
0x00000000028c5800, 0x00000000297df800, 0x00000000297e9000, 0x000000002a06b800,
0x000000002a06d000, 0x000000002a06e000, 0x000000002a070000, 0x000000002a07f000,
0x000000002a1bf000, 0x000000002a1eb000, 0x000000002b2f4000, 0x000000002b329000,
0x000000002b329800, 0x000000002b56f000, 0x000000002b61b800, 0x000000002b437800,
0x000000002b431800, 0x000000002b432000, 0x000000002b5b5800, 0x000000002d8c1800,
0x000000002d8c4000, 0x000000002d8c3000, 0x000000002d8c5800, 0x000000002d8c2000,
0x000000002d8c4800, 0x000000002d8bf800, 0x000000002d8c6800, 0x000000002d8c0800,
0x000000002e0ff000, 0x000000002e105800, 0x000000002e102000, 0x000000002e103000,
0x000000002e0ff800, 0x000000002e106800, 0x000000002e101800, 0x000000002e10c000,
0x000000002e10a800, 0x000000002e10d800, 0x000000002e10d000, 0x000000002e109800,
0x000000002e104000, 0x000000002e104800, 0x0000000035d31000, 0x0000000035d2e000,
0x0000000035d32000, 0x0000000035d2c800, 0x0000000035d33800, 0x0000000035d34800,
0x0000000035d2e800, 0x0000000035d36000, 0x0000000035d35000, 0x0000000035d2f800,
0x0000000035d37800, 0x0000000035d38800, 0x0000000035d39800, 0x0000000035d3a000,
0x0000000036274000, 0x0000000036273800, 0x0000000036275000
}

Java Threads: ( => current thread )
  0x00000000028c5800 JavaThread "main" [_thread_blocked, id=10220, stack(0x0000000000050000,0x0000000000150000)]
  0x00000000297df800 JavaThread "Reference Handler" daemon [_thread_blocked, id=8732, stack(0x000000002a500000,0x000000002a600000)]
  0x00000000297e9000 JavaThread "Finalizer" daemon [_thread_blocked, id=12248, stack(0x000000002a600000,0x000000002a700000)]
  0x000000002a06b800 JavaThread "Signal Dispatcher" daemon [_thread_blocked, id=11164, stack(0x000000002a800000,0x000000002a900000)]
  0x000000002a06d000 JavaThread "Attach Listener" daemon [_thread_blocked, id=8812, stack(0x000000002a900000,0x000000002aa00000)]
=>0x000000002a06e000 JavaThread "C2 CompilerThread0" daemon [_thread_in_native, id=5964, stack(0x000000002aa00000,0x000000002ab00000)]
  0x000000002a070000 JavaThread "C1 CompilerThread0" daemon [_thread_blocked, id=3032, stack(0x000000002ab00000,0x000000002ac00000)]
  0x000000002a07f000 JavaThread "Sweeper thread" daemon [_thread_blocked, id=10896, stack(0x000000002ac00000,0x000000002ad00000)]
  0x000000002a1bf000 JavaThread "Service Thread" daemon [_thread_blocked, id=12000, stack(0x000000002ad00000,0x000000002ae00000)]
  0x000000002a1eb000 JavaThread "Common-Cleaner" daemon [_thread_blocked, id=11956, stack(0x000000002b000000,0x000000002b100000)]
  0x000000002b2f4000 JavaThread "Periodic tasks thread" daemon [_thread_blocked, id=7988, stack(0x000000002bd00000,0x000000002be00000)]
  0x000000002b329000 JavaThread "Indexing" [_thread_in_Java, id=9784, stack(0x000000002be00000,0x000000002bf00000)]
  0x000000002b329800 JavaThread "ApplicationImpl pooled thread 2" [_thread_blocked, id=4880, stack(0x000000002bf00000,0x000000002c000000)]
  0x000000002b56f000 JavaThread "ApplicationImpl pooled thread 3" [_thread_blocked, id=10016, stack(0x000000002c200000,0x000000002c300000)]
  0x000000002b61b800 JavaThread "Indexing" [_thread_in_Java, id=8632, stack(0x000000002c300000,0x000000002c400000)]
  0x000000002b437800 JavaThread "Java2D Disposer" daemon [_thread_blocked, id=11836, stack(0x000000002c940000,0x000000002ca40000)]
  0x000000002b431800 JavaThread "AWT-Shutdown" [_thread_blocked, id=6608, stack(0x000000002ca40000,0x000000002cb40000)]
  0x000000002b432000 JavaThread "AWT-Windows" daemon [_thread_in_native, id=9820, stack(0x000000002cb40000,0x000000002cc40000)]
  0x000000002b5b5800 JavaThread "AWT-EventQueue-0" [_thread_in_native, id=6844, stack(0x000000002cda0000,0x000000002cea0000)]
  0x000000002d8c1800 JavaThread "ApplicationImpl pooled thread 5" [_thread_blocked, id=2044, stack(0x000000002b900000,0x000000002ba00000)]
  0x000000002d8c4000 JavaThread "ApplicationImpl pooled thread 6" [_thread_blocked, id=11144, stack(0x000000002f330000,0x000000002f430000)]
  0x000000002d8c3000 JavaThread "ApplicationImpl pooled thread 7" [_thread_blocked, id=5800, stack(0x0000000030840000,0x0000000030940000)]
  0x000000002d8c5800 JavaThread "Indexing" [_thread_in_Java, id=8280, stack(0x0000000030940000,0x0000000030a40000)]
  0x000000002d8c2000 JavaThread "JobScheduler FJ pool 0/3" daemon [_thread_blocked, id=7712, stack(0x0000000030a40000,0x0000000030b40000)]
  0x000000002d8c4800 JavaThread "Netty Builtin Server 1" [_thread_in_native, id=3516, stack(0x0000000030b40000,0x0000000030c40000)]
  0x000000002d8bf800 JavaThread "ApplicationImpl pooled thread 9" [_thread_blocked, id=6192, stack(0x00000000315a0000,0x00000000316a0000)]
  0x000000002d8c6800 JavaThread "Netty Builtin Server 2" [_thread_in_native, id=11016, stack(0x0000000034a00000,0x0000000034b00000)]
  0x000000002d8c0800 JavaThread "TimerQueue" daemon [_thread_blocked, id=4844, stack(0x0000000034f00000,0x0000000035000000)]
  0x000000002e0ff000 JavaThread "fsnotifier64.exe" [_thread_in_native, id=416, stack(0x0000000037be0000,0x0000000037ce0000)]
  0x000000002e105800 JavaThread "BaseDataReader: output stream of fsnotifier64.exe" [_thread_in_native, id=3496, stack(0x0000000037ce0000,0x0000000037de0000)]
  0x000000002e102000 JavaThread "BaseDataReader: error stream of fsnotifier64.exe" [_thread_in_native, id=12080, stack(0x0000000037de0000,0x0000000037ee0000)]
  0x000000002e103000 JavaThread "Alarm Pool" [_thread_blocked, id=4008, stack(0x00000000382e0000,0x00000000383e0000)]
  0x000000002e0ff800 JavaThread "JobScheduler FJ pool 1/3" daemon [_thread_blocked, id=2804, stack(0x000000002eaf0000,0x000000002ebf0000)]
  0x000000002e106800 JavaThread "JobScheduler FJ pool 2/3" daemon [_thread_blocked, id=6496, stack(0x0000000042f00000,0x0000000043000000)]
  0x000000002e101800 JavaThread "java.exe" [_thread_in_native, id=12020, stack(0x0000000046460000,0x0000000046560000)]
  0x000000002e10c000 JavaThread "BaseDataReader: error stream of java.exe" [_thread_in_native, id=796, stack(0x0000000046c60000,0x0000000046d60000)]
  0x000000002e10a800 JavaThread "BaseDataReader: output stream of java.exe" [_thread_in_native, id=1428, stack(0x000000004be90000,0x000000004bf90000)]
  0x000000002e10d800 JavaThread "DefaultDispatcher-worker-1" daemon [_thread_blocked, id=1212, stack(0x000000004ce30000,0x000000004cf30000)]
  0x000000002e10d000 JavaThread "DefaultDispatcher-worker-2" daemon [_thread_blocked, id=1704, stack(0x000000004ff70000,0x0000000050070000)]
  0x000000002e109800 JavaThread "DefaultDispatcher-worker-3" daemon [_thread_blocked, id=8712, stack(0x0000000050070000,0x0000000050170000)]
  0x000000002e104000 JavaThread "Reader thread for BuildOutputInstantReaderImpl@1,126,082,274" [_thread_blocked, id=4724, stack(0x0000000051eb0000,0x0000000051fb0000)]
  0x000000002e104800 JavaThread "I/O pool 8" [_thread_blocked, id=2272, stack(0x0000000051fb0000,0x00000000520b0000)]
  0x0000000035d31000 JavaThread "I/O pool 9" [_thread_blocked, id=2984, stack(0x00000000520b0000,0x00000000521b0000)]
  0x0000000035d2e000 JavaThread "ApplicationImpl pooled thread 13" [_thread_blocked, id=1412, stack(0x00000000004d0000,0x00000000005d0000)]
  0x0000000035d32000 JavaThread "ApplicationImpl pooled thread 14" [_thread_blocked, id=9740, stack(0x0000000047760000,0x0000000047860000)]
  0x0000000035d2c800 JavaThread "ApplicationImpl pooled thread 15" [_thread_blocked, id=4296, stack(0x0000000047860000,0x0000000047960000)]
  0x0000000035d33800 JavaThread "ApplicationImpl pooled thread 16" [_thread_blocked, id=10716, stack(0x000000002d220000,0x000000002d320000)]
  0x0000000035d34800 JavaThread "Indexing" [_thread_in_Java, id=7548, stack(0x000000002d320000,0x000000002d420000)]
  0x0000000035d2e800 JavaThread "DefaultDispatcher-worker-4" daemon [_thread_blocked, id=11812, stack(0x000000002cea0000,0x000000002cfa0000)]
  0x0000000035d36000 JavaThread "Connection worker" [_thread_blocked, id=6988, stack(0x00000000380e0000,0x00000000381e0000)]
  0x0000000035d35000 JavaThread "ApplicationImpl pooled thread 18" [_thread_blocked, id=10428, stack(0x0000000049bf0000,0x0000000049cf0000)]
  0x0000000035d2f800 JavaThread "ApplicationImpl pooled thread 19" [_thread_blocked, id=11128, stack(0x0000000049cf0000,0x0000000049df0000)]
  0x0000000035d37800 JavaThread "I/O pool 11" [_thread_blocked, id=9568, stack(0x000000004adf0000,0x000000004aef0000)]
  0x0000000035d38800 JavaThread "Exec process" [_thread_blocked, id=9640, stack(0x00000000381e0000,0x00000000382e0000)]
  0x0000000035d39800 JavaThread "Exec process Thread 2" [_thread_blocked, id=9876, stack(0x0000000043730000,0x0000000043830000)]
  0x0000000035d3a000 JavaThread "Exec process Thread 3" [_thread_blocked, id=5872, stack(0x0000000055b10000,0x0000000055c10000)]
  0x0000000036274000 JavaThread "pool-4-thread-1" [_thread_blocked, id=9164, stack(0x0000000055c10000,0x0000000055d10000)]
  0x0000000036273800 JavaThread "Exec process" [_thread_in_native, id=11640, stack(0x00000000564b0000,0x00000000565b0000)]
  0x0000000036275000 JavaThread "Exec process Thread 2" [_thread_blocked, id=8184, stack(0x00000000566b0000,0x00000000567b0000)]

Other Threads:
  0x00000000297db800 VMThread "VM Thread" [stack: 0x000000002a400000,0x000000002a500000] [id=11860]
  0x000000002a1ca000 WatcherThread [stack: 0x000000002ae00000,0x000000002af00000] [id=7104]
  0x00000000028d9000 GCTaskThread "GC Thread#0" [stack: 0x0000000002480000,0x0000000002580000] [id=12008]
  0x000000002b32a800 GCTaskThread "GC Thread#1" [stack: 0x000000002ba00000,0x000000002bb00000] [id=10180]
  0x000000002b32b000 GCTaskThread "GC Thread#2" [stack: 0x000000002bb00000,0x000000002bc00000] [id=9528]
  0x000000002b32e000 GCTaskThread "GC Thread#3" [stack: 0x000000002bc00000,0x000000002bd00000] [id=11936]
  0x000000000291c000 ConcurrentGCThread "CMS Main Thread" [stack: 0x0000000029500000,0x0000000029600000] [id=2772]

Threads with active compile tasks:
C2 CompilerThread0 221387 27803       4       com.intellij.psi.impl.compiled.StubBuildingVisitor::constToString (502 bytes)

VM state:not at safepoint (normal execution)

VM Mutex/Monitor currently owned by a thread: None

Heap address: 0x00000000d1200000, size: 750 MB, Compressed Oops mode: 32-bit
Narrow klass base: 0x0000000000000000, Narrow klass shift: 3
Compressed class space size: 1073741824 Address: 0x0000000100000000

Heap:
 par new generation   total 39296K, used 34307K [0x00000000d1200000, 0x00000000d3ca0000, 0x00000000e0c00000)
  eden space 34944K,  87% used [0x00000000d1200000, 0x00000000d2fe87d0, 0x00000000d3420000)
  from space 4352K,  84% used [0x00000000d3860000, 0x00000000d3bf8448, 0x00000000d3ca0000)
  to   space 4352K,   0% used [0x00000000d3420000, 0x00000000d3420000, 0x00000000d3860000)
 concurrent mark-sweep generation total 348872K, used 223257K [0x00000000e0c00000, 0x00000000f60b2000, 0x0000000100000000)
 Metaspace       used 238869K, capacity 245876K, committed 246972K, reserved 1263616K
  class space    used 30565K, capacity 33238K, committed 33592K, reserved 1048576K

Card table byte_map: [0x0000000002580000,0x0000000002700000] _byte_map_base: 0x0000000001ef7000

Marking Bits: (CMSBitMap*) 0x0000000002919f20
 Bits: [0x00000000268d0000, 0x00000000270a0000)

Mod Union Table: (CMSBitMap*) 0x0000000002919fc0
 Bits: [0x0000000002810000, 0x000000000282f400)

Polling page: 0x00000000001d0000

Metaspace:

Usage:
  Non-class:    207.65 MB capacity,   203.42 MB ( 98%) used,     3.57 MB (  2%) free+waste,   674.00 KB ( <1%) overhead. 
      Class:     32.46 MB capacity,    29.85 MB ( 92%) used,     2.30 MB (  7%) free+waste,   313.63 KB ( <1%) overhead. 
       Both:    240.11 MB capacity,   233.27 MB ( 97%) used,     5.88 MB (  2%) free+waste,   987.63 KB ( <1%) overhead. 

Virtual space:
  Non-class space:      210.00 MB reserved,     208.38 MB (>99%) committed 
      Class space:        1.00 GB reserved,      32.80 MB (  3%) committed 
             Both:        1.21 GB reserved,     241.18 MB ( 20%) committed 

Chunk freelists:
   Non-Class:  550.00 KB
       Class:  330.00 KB
        Both:  880.00 KB

MaxMetaspaceSize: 17179869184.00 GB
CompressedClassSpaceSize: 1.00 GB

CodeHeap 'non-profiled nmethods': size=259328Kb used=20631Kb max_used=20631Kb free=238696Kb
 bounds [0x0000000016760000, 0x0000000017b90000, 0x00000000264a0000]
CodeHeap 'profiled nmethods': size=259264Kb used=55450Kb max_used=55450Kb free=203813Kb
 bounds [0x0000000006a30000, 0x000000000a070000, 0x0000000016760000]
CodeHeap 'non-nmethods': size=5696Kb used=1750Kb max_used=1798Kb free=3945Kb
 bounds [0x00000000064a0000, 0x0000000006710000, 0x0000000006a30000]
 total_blobs=26893 nmethods=25495 adapters=1309
 compilation: enabled
              stopped_count=0, restarted_count=0
 full_count=0

Compilation events (20 events):
Event: 218.822 Thread 0x000000002a06e000 nmethod 27793 0x0000000017b7e610 code [0x0000000017b7e7c0, 0x0000000017b7e9e8]
Event: 218.868 Thread 0x000000002a070000 27794       3       com.intellij.psi.impl.compiled.AnnotationTextCollector::visitArray (34 bytes)
Event: 218.869 Thread 0x000000002a070000 nmethod 27794 0x000000000a05e990 code [0x000000000a05ebc0, 0x000000000a05f1e8]
Event: 218.869 Thread 0x000000002a070000 27795       3       com.intellij.psi.impl.compiled.AnnotationTextCollector$$Lambda$2927/0x0000000100c23840::<init> (10 bytes)
Event: 218.869 Thread 0x000000002a070000 nmethod 27795 0x000000000a05f490 code [0x000000000a05f640, 0x000000000a05f7b8]
Event: 218.870 Thread 0x000000002a070000 27796       3       com.intellij.psi.impl.compiled.AnnotationTextCollector$$Lambda$2927/0x0000000100c23840::consume (12 bytes)
Event: 218.870 Thread 0x000000002a070000 nmethod 27796 0x000000000a05f890 code [0x000000000a05fa80, 0x000000000a05fdf8]
Event: 218.958 Thread 0x000000002a06e000 27797   !   4       java.lang.StringCoding::encode (324 bytes)
Event: 218.974 Thread 0x000000002a06e000 nmethod 27797 0x0000000017b7eb10 code [0x0000000017b7ee00, 0x0000000017b7f950]
Event: 219.267 Thread 0x000000002a06e000 27798       4       com.intellij.ide.ui.laf.darcula.ui.DarculaProgressBarUI::getPreferredSize (56 bytes)
Event: 219.340 Thread 0x000000002a06e000 nmethod 27798 0x0000000017b80390 code [0x0000000017b80700, 0x0000000017b82b30]
Event: 219.341 Thread 0x000000002a06e000 27799   !   4       com.intellij.ide.ui.laf.darcula.ui.DarculaProgressBarUI::getStripeWidth (36 bytes)
Event: 219.347 Thread 0x000000002a06e000 nmethod 27799 0x0000000017b84090 code [0x0000000017b84280, 0x0000000017b84888]
Event: 219.540 Thread 0x000000002a070000 27800  s    3       jdk.internal.ref.Cleaner::remove (89 bytes)
Event: 219.540 Thread 0x000000002a070000 nmethod 27800 0x000000000a05ff90 code [0x000000000a060160, 0x000000000a060618]
Event: 219.973 Thread 0x000000002a06e000 27801       4       sun.java2d.pipe.ValidatePipe::fill (20 bytes)
Event: 219.974 Thread 0x000000002a070000 27802   !   3       com.intellij.ide.ui.laf.darcula.ui.DarculaProgressBarUI::paintIndeterminate (764 bytes)
Event: 219.979 Thread 0x000000002a070000 nmethod 27802 0x000000000a060710 code [0x000000000a060be0, 0x000000000a063558]
Event: 219.982 Thread 0x000000002a06e000 nmethod 27801 0x0000000017b84c10 code [0x0000000017b84e00, 0x0000000017b851e8]
Event: 219.982 Thread 0x000000002a06e000 27803       4       com.intellij.psi.impl.compiled.StubBuildingVisitor::constToString (502 bytes)

GC Heap History (20 events):
Event: 210.535 GC heap before
{Heap before GC invocations=258 (full 9):
 par new generation   total 39296K, used 39009K [0x00000000d1200000, 0x00000000d3ca0000, 0x00000000e0c00000)
  eden space 34944K, 100% used [0x00000000d1200000, 0x00000000d3420000, 0x00000000d3420000)
  from space 4352K,  93% used [0x00000000d3420000, 0x00000000d3818458, 0x00000000d3860000)
  to   space 4352K,   0% used [0x00000000d3860000, 0x00000000d3860000, 0x00000000d3ca0000)
 concurrent mark-sweep generation total 348872K, used 312475K [0x00000000e0c00000, 0x00000000f60b2000, 0x0000000100000000)
 Metaspace       used 238234K, capacity 245476K, committed 245820K, reserved 1261568K
  class space    used 30536K, capacity 33307K, committed 33464K, reserved 1048576K
}
Event: 210.542 GC heap after
{Heap after GC invocations=259 (full 9):
 par new generation   total 39296K, used 3616K [0x00000000d1200000, 0x00000000d3ca0000, 0x00000000e0c00000)
  eden space 34944K,   0% used [0x00000000d1200000, 0x00000000d1200000, 0x00000000d3420000)
  from space 4352K,  83% used [0x00000000d3860000, 0x00000000d3be81a0, 0x00000000d3ca0000)
  to   space 4352K,   0% used [0x00000000d3420000, 0x00000000d3420000, 0x00000000d3860000)
 concurrent mark-sweep generation total 348872K, used 313372K [0x00000000e0c00000, 0x00000000f60b2000, 0x0000000100000000)
 Metaspace       used 238234K, capacity 245476K, committed 245820K, reserved 1261568K
  class space    used 30536K, capacity 33307K, committed 33464K, reserved 1048576K
}
Event: 211.292 GC heap before
{Heap before GC invocations=259 (full 9):
 par new generation   total 39296K, used 38560K [0x00000000d1200000, 0x00000000d3ca0000, 0x00000000e0c00000)
  eden space 34944K, 100% used [0x00000000d1200000, 0x00000000d3420000, 0x00000000d3420000)
  from space 4352K,  83% used [0x00000000d3860000, 0x00000000d3be81a0, 0x00000000d3ca0000)
  to   space 4352K,   0% used [0x00000000d3420000, 0x00000000d3420000, 0x00000000d3860000)
 concurrent mark-sweep generation total 348872K, used 313372K [0x00000000e0c00000, 0x00000000f60b2000, 0x0000000100000000)
 Metaspace       used 238249K, capacity 245508K, committed 245820K, reserved 1261568K
  class space    used 30538K, capacity 33339K, committed 33464K, reserved 1048576K
}
Event: 211.302 GC heap after
{Heap after GC invocations=260 (full 9):
 par new generation   total 39296K, used 3617K [0x00000000d1200000, 0x00000000d3ca0000, 0x00000000e0c00000)
  eden space 34944K,   0% used [0x00000000d1200000, 0x00000000d1200000, 0x00000000d3420000)
  from space 4352K,  83% used [0x00000000d3420000, 0x00000000d37a86f0, 0x00000000d3860000)
  to   space 4352K,   0% used [0x00000000d3860000, 0x00000000d3860000, 0x00000000d3ca0000)
 concurrent mark-sweep generation total 348872K, used 314865K [0x00000000e0c00000, 0x00000000f60b2000, 0x0000000100000000)
 Metaspace       used 238249K, capacity 245508K, committed 245820K, reserved 1261568K
  class space    used 30538K, capacity 33339K, committed 33464K, reserved 1048576K
}
Event: 212.074 GC heap before
{Heap before GC invocations=260 (full 9):
 par new generation   total 39296K, used 38561K [0x00000000d1200000, 0x00000000d3ca0000, 0x00000000e0c00000)
  eden space 34944K, 100% used [0x00000000d1200000, 0x00000000d3420000, 0x00000000d3420000)
  from space 4352K,  83% used [0x00000000d3420000, 0x00000000d37a86f0, 0x00000000d3860000)
  to   space 4352K,   0% used [0x00000000d3860000, 0x00000000d3860000, 0x00000000d3ca0000)
 concurrent mark-sweep generation total 348872K, used 314865K [0x00000000e0c00000, 0x00000000f60b2000, 0x0000000100000000)
 Metaspace       used 238249K, capacity 245508K, committed 245820K, reserved 1261568K
  class space    used 30538K, capacity 33339K, committed 33464K, reserved 1048576K
}
Event: 212.080 GC heap after
{Heap after GC invocations=261 (full 9):
 par new generation   total 39296K, used 4169K [0x00000000d1200000, 0x00000000d3ca0000, 0x00000000e0c00000)
  eden space 34944K,   0% used [0x00000000d1200000, 0x00000000d1200000, 0x00000000d3420000)
  from space 4352K,  95% used [0x00000000d3860000, 0x00000000d3c72508, 0x00000000d3ca0000)
  to   space 4352K,   0% used [0x00000000d3420000, 0x00000000d3420000, 0x00000000d3860000)
 concurrent mark-sweep generation total 348872K, used 314865K [0x00000000e0c00000, 0x00000000f60b2000, 0x0000000100000000)
 Metaspace       used 238249K, capacity 245508K, committed 245820K, reserved 1261568K
  class space    used 30538K, capacity 33339K, committed 33464K, reserved 1048576K
}
Event: 214.551 GC heap before
{Heap before GC invocations=261 (full 9):
 par new generation   total 39296K, used 39113K [0x00000000d1200000, 0x00000000d3ca0000, 0x00000000e0c00000)
  eden space 34944K, 100% used [0x00000000d1200000, 0x00000000d3420000, 0x00000000d3420000)
  from space 4352K,  95% used [0x00000000d3860000, 0x00000000d3c72508, 0x00000000d3ca0000)
  to   space 4352K,   0% used [0x00000000d3420000, 0x00000000d3420000, 0x00000000d3860000)
 concurrent mark-sweep generation total 348872K, used 314865K [0x00000000e0c00000, 0x00000000f60b2000, 0x0000000100000000)
 Metaspace       used 239162K, capacity 246449K, committed 246716K, reserved 1263616K
  class space    used 30690K, capacity 33502K, committed 33592K, reserved 1048576K
}
Event: 214.561 GC heap after
{Heap after GC invocations=262 (full 9):
 par new generation   total 39296K, used 3667K [0x00000000d1200000, 0x00000000d3ca0000, 0x00000000e0c00000)
  eden space 34944K,   0% used [0x00000000d1200000, 0x00000000d1200000, 0x00000000d3420000)
  from space 4352K,  84% used [0x00000000d3420000, 0x00000000d37b4ec8, 0x00000000d3860000)
  to   space 4352K,   0% used [0x00000000d3860000, 0x00000000d3860000, 0x00000000d3ca0000)
 concurrent mark-sweep generation total 348872K, used 316268K [0x00000000e0c00000, 0x00000000f60b2000, 0x0000000100000000)
 Metaspace       used 239162K, capacity 246449K, committed 246716K, reserved 1263616K
  class space    used 30690K, capacity 33502K, committed 33592K, reserved 1048576K
}
Event: 215.069 GC heap before
{Heap before GC invocations=262 (full 9):
 par new generation   total 39296K, used 38611K [0x00000000d1200000, 0x00000000d3ca0000, 0x00000000e0c00000)
  eden space 34944K, 100% used [0x00000000d1200000, 0x00000000d3420000, 0x00000000d3420000)
  from space 4352K,  84% used [0x00000000d3420000, 0x00000000d37b4ec8, 0x00000000d3860000)
  to   space 4352K,   0% used [0x00000000d3860000, 0x00000000d3860000, 0x00000000d3ca0000)
 concurrent mark-sweep generation total 348872K, used 316268K [0x00000000e0c00000, 0x00000000f60b2000, 0x0000000100000000)
 Metaspace       used 239340K, capacity 246586K, committed 246716K, reserved 1263616K
  class space    used 30704K, capacity 33504K, committed 33592K, reserved 1048576K
}
Event: 215.079 GC heap after
{Heap after GC invocations=263 (full 9):
 par new generation   total 39296K, used 3260K [0x00000000d1200000, 0x00000000d3ca0000, 0x00000000e0c00000)
  eden space 34944K,   0% used [0x00000000d1200000, 0x00000000d1200000, 0x00000000d3420000)
  from space 4352K,  74% used [0x00000000d3860000, 0x00000000d3b8f230, 0x00000000d3ca0000)
  to   space 4352K,   0% used [0x00000000d3420000, 0x00000000d3420000, 0x00000000d3860000)
 concurrent mark-sweep generation total 348872K, used 317207K [0x00000000e0c00000, 0x00000000f60b2000, 0x0000000100000000)
 Metaspace       used 239340K, capacity 246586K, committed 246716K, reserved 1263616K
  class space    used 30704K, capacity 33504K, committed 33592K, reserved 1048576K
}
Event: 216.237 GC heap before
{Heap before GC invocations=263 (full 9):
 par new generation   total 39296K, used 38204K [0x00000000d1200000, 0x00000000d3ca0000, 0x00000000e0c00000)
  eden space 34944K, 100% used [0x00000000d1200000, 0x00000000d3420000, 0x00000000d3420000)
  from space 4352K,  74% used [0x00000000d3860000, 0x00000000d3b8f230, 0x00000000d3ca0000)
  to   space 4352K,   0% used [0x00000000d3420000, 0x00000000d3420000, 0x00000000d3860000)
 concurrent mark-sweep generation total 348872K, used 317207K [0x00000000e0c00000, 0x00000000f60b2000, 0x0000000100000000)
 Metaspace       used 239359K, capacity 246654K, committed 246972K, reserved 1263616K
  class space    used 30704K, capacity 33504K, committed 33592K, reserved 1048576K
}
Event: 216.247 GC heap after
{Heap after GC invocations=264 (full 9):
 par new generation   total 39296K, used 4352K [0x00000000d1200000, 0x00000000d3ca0000, 0x00000000e0c00000)
  eden space 34944K,   0% used [0x00000000d1200000, 0x00000000d1200000, 0x00000000d3420000)
  from space 4352K, 100% used [0x00000000d3420000, 0x00000000d3860000, 0x00000000d3860000)
  to   space 4352K,   0% used [0x00000000d3860000, 0x00000000d3860000, 0x00000000d3ca0000)
 concurrent mark-sweep generation total 348872K, used 317408K [0x00000000e0c00000, 0x00000000f60b2000, 0x0000000100000000)
 Metaspace       used 239359K, capacity 246654K, committed 246972K, reserved 1263616K
  class space    used 30704K, capacity 33504K, committed 33592K, reserved 1048576K
}
Event: 216.639 GC heap before
{Heap before GC invocations=264 (full 9):
 par new generation   total 39296K, used 39296K [0x00000000d1200000, 0x00000000d3ca0000, 0x00000000e0c00000)
  eden space 34944K, 100% used [0x00000000d1200000, 0x00000000d3420000, 0x00000000d3420000)
  from space 4352K, 100% used [0x00000000d3420000, 0x00000000d3860000, 0x00000000d3860000)
  to   space 4352K,   0% used [0x00000000d3860000, 0x00000000d3860000, 0x00000000d3ca0000)
 concurrent mark-sweep generation total 348872K, used 317408K [0x00000000e0c00000, 0x00000000f60b2000, 0x0000000100000000)
 Metaspace       used 239360K, capacity 246654K, committed 246972K, reserved 1263616K
  class space    used 30704K, capacity 33504K, committed 33592K, reserved 1048576K
}
Event: 216.649 GC heap after
{Heap after GC invocations=265 (full 9):
 par new generation   total 39296K, used 4045K [0x00000000d1200000, 0x00000000d3ca0000, 0x00000000e0c00000)
  eden space 34944K,   0% used [0x00000000d1200000, 0x00000000d1200000, 0x00000000d3420000)
  from space 4352K,  92% used [0x00000000d3860000, 0x00000000d3c53680, 0x00000000d3ca0000)
  to   space 4352K,   0% used [0x00000000d3420000, 0x00000000d3420000, 0x00000000d3860000)
 concurrent mark-sweep generation total 348872K, used 318833K [0x00000000e0c00000, 0x00000000f60b2000, 0x0000000100000000)
 Metaspace       used 239360K, capacity 246654K, committed 246972K, reserved 1263616K
  class space    used 30704K, capacity 33504K, committed 33592K, reserved 1048576K
}
Event: 217.086 GC heap before
{Heap before GC invocations=265 (full 9):
 par new generation   total 39296K, used 38989K [0x00000000d1200000, 0x00000000d3ca0000, 0x00000000e0c00000)
  eden space 34944K, 100% used [0x00000000d1200000, 0x00000000d3420000, 0x00000000d3420000)
  from space 4352K,  92% used [0x00000000d3860000, 0x00000000d3c53680, 0x00000000d3ca0000)
  to   space 4352K,   0% used [0x00000000d3420000, 0x00000000d3420000, 0x00000000d3860000)
 concurrent mark-sweep generation total 348872K, used 318833K [0x00000000e0c00000, 0x00000000f60b2000, 0x0000000100000000)
 Metaspace       used 239360K, capacity 246654K, committed 246972K, reserved 1263616K
  class space    used 30704K, capacity 33504K, committed 33592K, reserved 1048576K
}
Event: 217.110 GC heap after
{Heap after GC invocations=266 (full 9):
 par new generation   total 39296K, used 4018K [0x00000000d1200000, 0x00000000d3ca0000, 0x00000000e0c00000)
  eden space 34944K,   0% used [0x00000000d1200000, 0x00000000d1200000, 0x00000000d3420000)
  from space 4352K,  92% used [0x00000000d3420000, 0x00000000d380cb00, 0x00000000d3860000)
  to   space 4352K,   0% used [0x00000000d3860000, 0x00000000d3860000, 0x00000000d3ca0000)
 concurrent mark-sweep generation total 348872K, used 320468K [0x00000000e0c00000, 0x00000000f60b2000, 0x0000000100000000)
 Metaspace       used 239360K, capacity 246654K, committed 246972K, reserved 1263616K
  class space    used 30704K, capacity 33504K, committed 33592K, reserved 1048576K
}
Event: 217.902 GC heap before
{Heap before GC invocations=266 (full 9):
 par new generation   total 39296K, used 38962K [0x00000000d1200000, 0x00000000d3ca0000, 0x00000000e0c00000)
  eden space 34944K, 100% used [0x00000000d1200000, 0x00000000d3420000, 0x00000000d3420000)
  from space 4352K,  92% used [0x00000000d3420000, 0x00000000d380cb00, 0x00000000d3860000)
  to   space 4352K,   0% used [0x00000000d3860000, 0x00000000d3860000, 0x00000000d3ca0000)
 concurrent mark-sweep generation total 348872K, used 320468K [0x00000000e0c00000, 0x00000000f60b2000, 0x0000000100000000)
 Metaspace       used 239360K, capacity 246654K, committed 246972K, reserved 1263616K
  class space    used 30704K, capacity 33504K, committed 33592K, reserved 1048576K
}
Event: 217.920 GC heap after
{Heap after GC invocations=267 (full 9):
 par new generation   total 39296K, used 3326K [0x00000000d1200000, 0x00000000d3ca0000, 0x00000000e0c00000)
  eden space 34944K,   0% used [0x00000000d1200000, 0x00000000d1200000, 0x00000000d3420000)
  from space 4352K,  76% used [0x00000000d3860000, 0x00000000d3b9fa68, 0x00000000d3ca0000)
  to   space 4352K,   0% used [0x00000000d3420000, 0x00000000d3420000, 0x00000000d3860000)
 concurrent mark-sweep generation total 348872K, used 321380K [0x00000000e0c00000, 0x00000000f60b2000, 0x0000000100000000)
 Metaspace       used 239360K, capacity 246654K, committed 246972K, reserved 1263616K
  class space    used 30704K, capacity 33504K, committed 33592K, reserved 1048576K
}
Event: 219.253 GC heap before
{Heap before GC invocations=267 (full 10):
 par new generation   total 39296K, used 38270K [0x00000000d1200000, 0x00000000d3ca0000, 0x00000000e0c00000)
  eden space 34944K, 100% used [0x00000000d1200000, 0x00000000d3420000, 0x00000000d3420000)
  from space 4352K,  76% used [0x00000000d3860000, 0x00000000d3b9fa68, 0x00000000d3ca0000)
  to   space 4352K,   0% used [0x00000000d3420000, 0x00000000d3420000, 0x00000000d3860000)
 concurrent mark-sweep generation total 348872K, used 222390K [0x00000000e0c00000, 0x00000000f60b2000, 0x0000000100000000)
 Metaspace       used 238856K, capacity 245870K, committed 246972K, reserved 1263616K
  class space    used 30565K, capacity 33237K, committed 33592K, reserved 1048576K
}
Event: 219.265 GC heap after
{Heap after GC invocations=268 (full 10):
 par new generation   total 39296K, used 3030K [0x00000000d1200000, 0x00000000d3ca0000, 0x00000000e0c00000)
  eden space 34944K,   0% used [0x00000000d1200000, 0x00000000d1200000, 0x00000000d3420000)
  from space 4352K,  69% used [0x00000000d3420000, 0x00000000d37158f0, 0x00000000d3860000)
  to   space 4352K,   0% used [0x00000000d3860000, 0x00000000d3860000, 0x00000000d3ca0000)
 concurrent mark-sweep generation total 348872K, used 223257K [0x00000000e0c00000, 0x00000000f60b2000, 0x0000000100000000)
 Metaspace       used 238856K, capacity 245870K, committed 246972K, reserved 1263616K
  class space    used 30565K, capacity 33237K, committed 33592K, reserved 1048576K
}

Deoptimization events (20 events):
Event: 217.377 Thread 0x000000002d8c5800 Uncommon trap: trap_request=0xffffffde fr.pc=0x0000000017abc440 relative=0x0000000000003460
Event: 217.377 Thread 0x000000002d8c5800 Uncommon trap: reason=class_check action=maybe_recompile pc=0x0000000017abc440 method=com.intellij.psi.impl.compiled.StubBuildingVisitor.constToString(Ljava/lang/Object;Ljava/lang/String;ZLcom/intellij/util/Function;)Ljava/lang/String; @ 295 c2
Event: 217.377 Thread 0x000000002d8c5800 DEOPT PACKING pc=0x0000000017abc440 sp=0x0000000030a3c630
Event: 217.377 Thread 0x000000002d8c5800 DEOPT UNPACKING pc=0x00000000064c6c2f sp=0x0000000030a3c5f8 mode 2
Event: 217.500 Thread 0x000000002b329000 Uncommon trap: trap_request=0xffffff4d fr.pc=0x0000000017a48980 relative=0x00000000000026a0
Event: 217.500 Thread 0x000000002b329000 Uncommon trap: reason=unstable_if action=reinterpret pc=0x0000000017a48980 method=com.intellij.util.indexing.IndexingStamp.flushCache(Ljava/lang/Integer;)V @ 64 c2
Event: 217.500 Thread 0x000000002b329000 DEOPT PACKING pc=0x0000000017a48980 sp=0x000000002befcef0
Event: 217.500 Thread 0x000000002b329000 DEOPT UNPACKING pc=0x00000000064c6c2f sp=0x000000002befcef0 mode 2
Event: 219.896 Thread 0x000000002d8c5800 Uncommon trap: trap_request=0xffffffde fr.pc=0x0000000017abc440 relative=0x0000000000003460
Event: 219.896 Thread 0x000000002d8c5800 Uncommon trap: reason=class_check action=maybe_recompile pc=0x0000000017abc440 method=com.intellij.psi.impl.compiled.StubBuildingVisitor.constToString(Ljava/lang/Object;Ljava/lang/String;ZLcom/intellij/util/Function;)Ljava/lang/String; @ 295 c2
Event: 219.896 Thread 0x000000002d8c5800 DEOPT PACKING pc=0x0000000017abc440 sp=0x0000000030a3c640
Event: 219.896 Thread 0x000000002d8c5800 DEOPT UNPACKING pc=0x00000000064c6c2f sp=0x0000000030a3c608 mode 2
Event: 219.977 Thread 0x0000000035d34800 Uncommon trap: trap_request=0xffffffde fr.pc=0x0000000017abc440 relative=0x0000000000003460
Event: 219.977 Thread 0x0000000035d34800 Uncommon trap: reason=class_check action=maybe_recompile pc=0x0000000017abc440 method=com.intellij.psi.impl.compiled.StubBuildingVisitor.constToString(Ljava/lang/Object;Ljava/lang/String;ZLcom/intellij/util/Function;)Ljava/lang/String; @ 295 c2
Event: 219.978 Thread 0x0000000035d34800 DEOPT PACKING pc=0x0000000017abc440 sp=0x000000002d41c200
Event: 219.978 Thread 0x0000000035d34800 DEOPT UNPACKING pc=0x00000000064c6c2f sp=0x000000002d41c1c8 mode 2
Event: 219.978 Thread 0x0000000035d34800 Uncommon trap: trap_request=0xffffffde fr.pc=0x0000000017abc440 relative=0x0000000000003460
Event: 219.978 Thread 0x0000000035d34800 Uncommon trap: reason=class_check action=maybe_recompile pc=0x0000000017abc440 method=com.intellij.psi.impl.compiled.StubBuildingVisitor.constToString(Ljava/lang/Object;Ljava/lang/String;ZLcom/intellij/util/Function;)Ljava/lang/String; @ 295 c2
Event: 219.978 Thread 0x0000000035d34800 DEOPT PACKING pc=0x0000000017abc440 sp=0x000000002d41c200
Event: 219.978 Thread 0x0000000035d34800 DEOPT UNPACKING pc=0x00000000064c6c2f sp=0x000000002d41c1c8 mode 2

Classes redefined (0 events):
No events

Internal exceptions (20 events):
Event: 200.681 Thread 0x0000000035d36000 Exception <a 'java/security/PrivilegedActionException'{0x00000000d3015278}> (0x00000000d3015278) thrown at [./src/hotspot/share/prims/jvm.cpp, line 1305]
Event: 200.681 Thread 0x0000000035d36000 Exception <a 'java/security/PrivilegedActionException'{0x00000000d3015d18}> (0x00000000d3015d18) thrown at [./src/hotspot/share/prims/jvm.cpp, line 1305]
Event: 200.682 Thread 0x0000000035d36000 Exception <a 'java/security/PrivilegedActionException'{0x00000000d3017258}> (0x00000000d3017258) thrown at [./src/hotspot/share/prims/jvm.cpp, line 1305]
Event: 200.682 Thread 0x0000000035d36000 Exception <a 'java/security/PrivilegedActionException'{0x00000000d303e030}> (0x00000000d303e030) thrown at [./src/hotspot/share/prims/jvm.cpp, line 1305]
Event: 200.682 Thread 0x0000000035d36000 Exception <a 'java/security/PrivilegedActionException'{0x00000000d3068e18}> (0x00000000d3068e18) thrown at [./src/hotspot/share/prims/jvm.cpp, line 1305]
Event: 200.682 Thread 0x0000000035d36000 Exception <a 'java/security/PrivilegedActionException'{0x00000000d3069638}> (0x00000000d3069638) thrown at [./src/hotspot/share/prims/jvm.cpp, line 1305]
Event: 200.682 Thread 0x0000000035d36000 Exception <a 'java/security/PrivilegedActionException'{0x00000000d306ae80}> (0x00000000d306ae80) thrown at [./src/hotspot/share/prims/jvm.cpp, line 1305]
Event: 200.682 Thread 0x0000000035d36000 Exception <a 'java/security/PrivilegedActionException'{0x00000000d306b6a0}> (0x00000000d306b6a0) thrown at [./src/hotspot/share/prims/jvm.cpp, line 1305]
Event: 200.683 Thread 0x0000000035d36000 Exception <a 'java/security/PrivilegedActionException'{0x00000000d306cf50}> (0x00000000d306cf50) thrown at [./src/hotspot/share/prims/jvm.cpp, line 1305]
Event: 200.683 Thread 0x0000000035d36000 Exception <a 'java/security/PrivilegedActionException'{0x00000000d306d770}> (0x00000000d306d770) thrown at [./src/hotspot/share/prims/jvm.cpp, line 1305]
Event: 204.004 Thread 0x0000000035d32000 Exception <a 'java/io/FileNotFoundException'{0x00000000d24540b8}> (0x00000000d24540b8) thrown at [./src/hotspot/share/prims/jni.cpp, line 615]
Event: 204.006 Thread 0x000000002b56f000 Exception <a 'java/io/FileNotFoundException'{0x00000000d245ed20}> (0x00000000d245ed20) thrown at [./src/hotspot/share/prims/jni.cpp, line 615]
Event: 204.226 Thread 0x0000000035d32000 Exception <a 'java/io/FileNotFoundException'{0x00000000d139c180}> (0x00000000d139c180) thrown at [./src/hotspot/share/prims/jni.cpp, line 615]
Event: 204.230 Thread 0x0000000035d32000 Exception <a 'java/io/FileNotFoundException'{0x00000000d13a65b8}> (0x00000000d13a65b8) thrown at [./src/hotspot/share/prims/jni.cpp, line 615]
Event: 206.464 Thread 0x000000002b56f000 Exception <a 'java/net/UnknownHostException'{0x00000000d1941518}> (0x00000000d1941518) thrown at [./src/hotspot/share/prims/jni.cpp, line 615]
Event: 206.466 Thread 0x000000002b56f000 Exception <a 'java/io/IOException'{0x00000000d1960350}> (0x00000000d1960350) thrown at [./src/hotspot/share/prims/jni.cpp, line 615]
Event: 209.251 Thread 0x0000000035d36000 Exception <a 'java/lang/NoSuchMethodError'{0x00000000d2beaf98}: 'java.lang.Object java.lang.invoke.Invokers$Holder.invoker(java.lang.Object, java.lang.Object, java.lang.Object, java.lang.Object, java.lang.Object)'> (0x00000000d2beaf98) thrown at [./src/hotspot/share/interpreter/linkResolver.cpp, line 773]
Event: 209.366 Thread 0x0000000035d36000 Exception <a 'java/lang/NoSuchMethodError'{0x00000000d2c96e48}: 'void java.lang.invoke.DirectMethodHandle$Holder.invokeStatic(java.lang.Object, java.lang.Object, int, java.lang.Object)'> (0x00000000d2c96e48) thrown at [./src/hotspot/share/interpreter/linkResolver.cpp, line 773]
Event: 209.367 Thread 0x0000000035d36000 Exception <a 'java/lang/NoSuchMethodError'{0x00000000d2c9a370}: 'void java.lang.invoke.DelegatingMethodHandle$Holder.delegate(java.lang.Object, java.lang.Object, int, java.lang.Object)'> (0x00000000d2c9a370) thrown at [./src/hotspot/share/interpreter/linkResolver.cpp, line 773]
Event: 209.952 Thread 0x0000000035d36000 Exception <a 'java/lang/NoClassDefFoundError'{0x00000000d2292fb0}: org/slf4j/impl/StaticMarkerBinder> (0x00000000d2292fb0) thrown at [./src/hotspot/share/classfile/systemDictionary.cpp, line 220]

Events (20 events):
Event: 218.426 Executing VM operation: RevokeBias
Event: 218.426 Executing VM operation: RevokeBias done
Event: 218.426 Executing VM operation: RevokeBias
Event: 218.426 Executing VM operation: RevokeBias done
Event: 218.426 Executing VM operation: RevokeBias
Event: 218.427 Executing VM operation: RevokeBias done
Event: 218.427 Executing VM operation: RevokeBias
Event: 218.427 Executing VM operation: RevokeBias done
Event: 218.427 Executing VM operation: RevokeBias
Event: 218.427 Executing VM operation: RevokeBias done
Event: 218.427 Executing VM operation: RevokeBias
Event: 218.428 Executing VM operation: RevokeBias done
Event: 218.428 Executing VM operation: BulkRevokeBias
Event: 218.429 Executing VM operation: BulkRevokeBias done
Event: 218.430 Executing VM operation: RevokeBias
Event: 218.430 Executing VM operation: RevokeBias done
Event: 219.180 Executing VM operation: GenCollectForAllocation
Event: 219.265 Executing VM operation: GenCollectForAllocation done
Event: 219.977 loading class com/intellij/psi/impl/compiled/AnnotationTextCollector
Event: 219.977 loading class com/intellij/psi/impl/compiled/AnnotationTextCollector done


Dynamic libraries:
0x0000000140000000 - 0x0000000140146000 	C:\Program Files\JetBrains\IntelliJ IDEA Community Edition 2020.3.1\bin\idea64.exe
0x00007ffbf8580000 - 0x00007ffbf8770000 	C:\Windows\SYSTEM32\ntdll.dll
0x00007ffbf83d0000 - 0x00007ffbf8482000 	C:\Windows\System32\KERNEL32.DLL
0x00007ffbf5740000 - 0x00007ffbf59e5000 	C:\Windows\System32\KERNELBASE.dll
0x00007ffbf67c0000 - 0x00007ffbf6954000 	C:\Windows\System32\USER32.dll
0x00007ffbf5510000 - 0x00007ffbf5531000 	C:\Windows\System32\win32u.dll
0x00007ffbf7e60000 - 0x00007ffbf7e86000 	C:\Windows\System32\GDI32.dll
0x00007ffbf5540000 - 0x00007ffbf56d8000 	C:\Windows\System32\gdi32full.dll
0x00007ffbf64d0000 - 0x00007ffbf656e000 	C:\Windows\System32\msvcp_win.dll
0x00007ffbf63d0000 - 0x00007ffbf64ca000 	C:\Windows\System32\ucrtbase.dll
0x00007ffbf8490000 - 0x00007ffbf8533000 	C:\Windows\System32\ADVAPI32.dll
0x00007ffbf6bc0000 - 0x00007ffbf6c5e000 	C:\Windows\System32\msvcrt.dll
0x00007ffbf8290000 - 0x00007ffbf8327000 	C:\Windows\System32\sechost.dll
0x00007ffbf6960000 - 0x00007ffbf6a7f000 	C:\Windows\System32\RPCRT4.dll
0x00007ffbf6ed0000 - 0x00007ffbf75b8000 	C:\Windows\System32\SHELL32.dll
0x00007ffbf6380000 - 0x00007ffbf63ca000 	C:\Windows\System32\cfgmgr32.dll
0x00007ffbf6700000 - 0x00007ffbf67a7000 	C:\Windows\System32\shcore.dll
0x00007ffbf7650000 - 0x00007ffbf7986000 	C:\Windows\System32\combase.dll
0x00007ffbf6570000 - 0x00007ffbf65f1000 	C:\Windows\System32\bcryptPrimitives.dll
0x00007ffbf5b50000 - 0x00007ffbf62cb000 	C:\Windows\System32\windows.storage.dll
0x00007ffbf5460000 - 0x00007ffbf547e000 	C:\Windows\System32\profapi.dll
0x00007ffbf54a0000 - 0x00007ffbf54ea000 	C:\Windows\System32\powrprof.dll
0x00007ffbf5430000 - 0x00007ffbf5440000 	C:\Windows\System32\UMPDC.dll
0x00007ffbf7e00000 - 0x00007ffbf7e52000 	C:\Windows\System32\shlwapi.dll
0x00007ffbf5440000 - 0x00007ffbf5451000 	C:\Windows\System32\kernel.appcore.dll
0x00007ffbf54f0000 - 0x00007ffbf5507000 	C:\Windows\System32\cryptsp.dll
0x00007ffbf8130000 - 0x00007ffbf8287000 	C:\Windows\System32\ole32.dll
0x00007ffbf8330000 - 0x00007ffbf835e000 	C:\Windows\System32\IMM32.DLL
0x00007ffbc94e0000 - 0x00007ffbc9fae000 	C:\Program Files\JetBrains\IntelliJ IDEA Community Edition 2020.3.1\jbr\bin\server\jvm.dll
0x00007ffbf7640000 - 0x00007ffbf7648000 	C:\Windows\System32\PSAPI.DLL
0x00007ffbe9fb0000 - 0x00007ffbe9fba000 	C:\Windows\SYSTEM32\VERSION.dll
0x00007ffbf2680000 - 0x00007ffbf26a4000 	C:\Windows\SYSTEM32\WINMM.dll
0x00007ffbee930000 - 0x00007ffbee939000 	C:\Windows\SYSTEM32\WSOCK32.dll
0x00007ffbee0d0000 - 0x00007ffbee0e9000 	C:\Windows\SYSTEM32\VCRUNTIME140.dll
0x00007ffbf6e60000 - 0x00007ffbf6ecf000 	C:\Windows\System32\WS2_32.dll
0x00007ffbf2650000 - 0x00007ffbf267d000 	C:\Windows\SYSTEM32\winmmbase.dll
0x00007ffbea0e0000 - 0x00007ffbea0f1000 	C:\Program Files\JetBrains\IntelliJ IDEA Community Edition 2020.3.1\jbr\bin\verify.dll
0x00007ffbe4750000 - 0x00007ffbe4944000 	C:\Windows\SYSTEM32\DBGHELP.DLL
0x00007ffbe42e0000 - 0x00007ffbe430a000 	C:\Windows\SYSTEM32\dbgcore.DLL
0x00007ffbea070000 - 0x00007ffbea099000 	C:\Program Files\JetBrains\IntelliJ IDEA Community Edition 2020.3.1\jbr\bin\java.dll
0x00007ffbef5f0000 - 0x00007ffbef5fb000 	C:\Program Files\JetBrains\IntelliJ IDEA Community Edition 2020.3.1\jbr\bin\jimage.dll
0x00007ffbe9d20000 - 0x00007ffbe9d38000 	C:\Program Files\JetBrains\IntelliJ IDEA Community Edition 2020.3.1\jbr\bin\zip.dll
0x00007ffbe9d00000 - 0x00007ffbe9d1a000 	C:\Program Files\JetBrains\IntelliJ IDEA Community Edition 2020.3.1\jbr\bin\net.dll
0x00007ffbea1b0000 - 0x00007ffbea2aa000 	C:\Windows\SYSTEM32\WINHTTP.dll
0x00007ffbf4c70000 - 0x00007ffbf4cd7000 	C:\Windows\system32\mswsock.dll
0x00007ffbe9550000 - 0x00007ffbe9564000 	C:\Program Files\JetBrains\IntelliJ IDEA Community Edition 2020.3.1\jbr\bin\nio.dll
0x00007ffbee830000 - 0x00007ffbee83a000 	C:\Program Files\JetBrains\IntelliJ IDEA Community Edition 2020.3.1\jbr\bin\management.dll
0x00007ffbee560000 - 0x00007ffbee56c000 	C:\Program Files\JetBrains\IntelliJ IDEA Community Edition 2020.3.1\jbr\bin\management_ext.dll
0x00007ffbd0060000 - 0x00007ffbd0204000 	C:\Program Files\JetBrains\IntelliJ IDEA Community Edition 2020.3.1\jbr\bin\awt.dll
0x00007ffbf6630000 - 0x00007ffbf66f5000 	C:\Windows\System32\OLEAUT32.dll
0x00007ffbf3ad0000 - 0x00007ffbf3afd000 	C:\Windows\SYSTEM32\dwmapi.dll
0x00007ffbc9240000 - 0x00007ffbc92d2000 	C:\Windows\SYSTEM32\MSVCP140.dll
0x00007ffbcb8e0000 - 0x00007ffbcb8ec000 	C:\Windows\SYSTEM32\VCRUNTIME140_1.dll
0x00007ffbf2da0000 - 0x00007ffbf2e2f000 	C:\Windows\SYSTEM32\apphelp.dll
0x00007ffbe1580000 - 0x00007ffbe1629000 	C:\Windows\WinSxS\amd64_microsoft.windows.common-controls_6595b64144ccf1df_5.82.18362.1440_none_73b6d8b6d812b8c6\COMCTL32.dll
0x00007ffbf3780000 - 0x00007ffbf3819000 	C:\Windows\system32\uxtheme.dll
0x00007ffbf6a80000 - 0x00007ffbf6bb5000 	C:\Windows\System32\MSCTF.dll
0x00007ffbdb470000 - 0x00007ffbdb4f5000 	C:\Program Files\JetBrains\IntelliJ IDEA Community Edition 2020.3.1\jbr\bin\freetype.dll
0x00007ffbd5f20000 - 0x00007ffbd5fc9000 	C:\Program Files\JetBrains\IntelliJ IDEA Community Edition 2020.3.1\jbr\bin\fontmanager.dll
0x00007ffbee4f0000 - 0x00007ffbee4fa000 	C:\Program Files\JetBrains\IntelliJ IDEA Community Edition 2020.3.1\jbr\bin\prefs.dll
0x00007ffbd47b0000 - 0x00007ffbd4906000 	C:\Windows\system32\opengl32.dll
0x00007ffbd4740000 - 0x00007ffbd476c000 	C:\Windows\SYSTEM32\GLU32.dll
0x00007ffbf4070000 - 0x00007ffbf4090000 	C:\Windows\SYSTEM32\dxcore.dll
0x00007ffbf47f0000 - 0x00007ffbf4823000 	C:\Windows\system32\rsaenh.dll
0x00007ffbf6600000 - 0x00007ffbf6626000 	C:\Windows\System32\bcrypt.dll
0x00007ffbf5310000 - 0x00007ffbf5335000 	C:\Windows\SYSTEM32\USERENV.dll
0x00007ffbf4e40000 - 0x00007ffbf4e4c000 	C:\Windows\SYSTEM32\CRYPTBASE.dll
0x00007ffbf4980000 - 0x00007ffbf49ba000 	C:\Windows\SYSTEM32\IPHLPAPI.DLL
0x00007ffbf67b0000 - 0x00007ffbf67b8000 	C:\Windows\System32\NSI.dll
0x00007ffbeb520000 - 0x00007ffbeb536000 	C:\Windows\SYSTEM32\dhcpcsvc6.DLL
0x00007ffbebb80000 - 0x00007ffbebb9c000 	C:\Windows\SYSTEM32\dhcpcsvc.DLL
0x00007ffbf49c0000 - 0x00007ffbf4a8b000 	C:\Windows\SYSTEM32\DNSAPI.dll
0x00007ffbe40f0000 - 0x00007ffbe4131000 	C:\Users\VEDIT\AppData\Local\JetBrains\IdeaIC2020.3\tmp\jna17887906275321628397.dll
0x00007ffbe5820000 - 0x00007ffbe583b000 	C:\Program Files\JetBrains\IntelliJ IDEA Community Edition 2020.3.1\bin\IdeaWin64.dll
0x00007ffbdb750000 - 0x00007ffbdb778000 	C:\Program Files\JetBrains\IntelliJ IDEA Community Edition 2020.3.1\jbr\bin\sunec.dll
0x00007ffbe9400000 - 0x00007ffbe940a000 	C:\Windows\System32\rasadhlp.dll
0x00007ffbf6db0000 - 0x00007ffbf6e52000 	C:\Windows\System32\clbcatq.dll
0x00007ffbe0840000 - 0x00007ffbe0ac4000 	C:\Windows\WinSxS\amd64_microsoft.windows.common-controls_6595b64144ccf1df_6.0.18362.1440_none_9e7dbfb9e45e8e67\comctl32.dll
0x00007ffbefb80000 - 0x00007ffbefd2f000 	C:\Windows\SYSTEM32\WindowsCodecs.dll
0x00007ffbd4640000 - 0x00007ffbd467b000 	C:\Windows\system32\dataexchange.dll
0x00007ffbf2100000 - 0x00007ffbf22dd000 	C:\Windows\system32\dcomp.dll
0x00007ffbf1200000 - 0x00007ffbf145b000 	C:\Windows\system32\d3d11.dll
0x00007ffbf4100000 - 0x00007ffbf41eb000 	C:\Windows\system32\dxgi.dll
0x00007ffbf3850000 - 0x00007ffbf3aaa000 	C:\Windows\system32\twinapi.appcore.dll
0x00007ffbf3d60000 - 0x00007ffbf3d89000 	C:\Windows\system32\RMCLIENT.dll
0x00007ffbe9920000 - 0x00007ffbe994d000 	C:\Program Files\JetBrains\IntelliJ IDEA Community Edition 2020.3.1\jbr\bin\javajpeg.dll
0x00007ffbd4430000 - 0x00007ffbd4636000 	C:\Windows\system32\explorerframe.dll
0x00007ffbeeae0000 - 0x00007ffbef24f000 	C:\Windows\System32\OneCoreUAPCommonProxyStub.dll
0x00007ffbe9080000 - 0x00007ffbe911d000 	C:\Windows\System32\TextInputFramework.dll
0x00007ffbf0260000 - 0x00007ffbf058a000 	C:\Windows\System32\CoreUIComponents.dll
0x00007ffbf2b90000 - 0x00007ffbf2c64000 	C:\Windows\System32\CoreMessaging.dll
0x00007ffbf4470000 - 0x00007ffbf44a1000 	C:\Windows\SYSTEM32\ntmarta.dll
0x00007ffbf2790000 - 0x00007ffbf28e2000 	C:\Windows\SYSTEM32\wintypes.dll
0x00007ffbeaac0000 - 0x00007ffbead67000 	C:\Windows\System32\iertutil.dll
0x00007ffbdb400000 - 0x00007ffbdb422000 	C:\Users\VEDIT\AppData\Local\JetBrains\IdeaIC2020.3\tmp\winp.x64.BFFE30B3B50581290B1866EF8D48C609.dll
0x00007ffbdada0000 - 0x00007ffbdadc6000 	C:\Users\VEDIT\.gradle\native\fdc75f09e3144964f2cf3f50f0aa648679c211496f362492102eb8c894070792\windows-amd64\native-platform.dll
0x00007ffbcf170000 - 0x00007ffbcf301000 	C:\Users\VEDIT\.gradle\native\12488b8bf47d2d4c9fbf2f6322a914ad602e24e48041cd04a747c6da556b65c4\windows-amd64\native-platform-file-events.dll
0x00007ffbee670000 - 0x00007ffbee67b000 	C:\Windows\SYSTEM32\WINNSI.DLL

dbghelp: loaded successfully - version: 4.0.5 - missing functions: none
symbol engine: initialized successfully - sym options: 0x614 - pdb path: .;C:\Program Files\JetBrains\IntelliJ IDEA Community Edition 2020.3.1\bin;C:\Windows\SYSTEM32;C:\Program Files\JetBrains\IntelliJ IDEA Community Edition 2020.3.1\jbr\bin\server;C:\Program Files\JetBrains\IntelliJ IDEA Community Edition 2020.3.1\jbr\bin;C:\Windows\WinSxS\amd64_microsoft.windows.common-controls_6595b64144ccf1df_5.82.18362.1440_none_73b6d8b6d812b8c6;C:\Users\VEDIT\AppData\Local\JetBrains\IdeaIC2020.3\tmp;C:\Windows\WinSxS\amd64_microsoft.windows.common-controls_6595b64144ccf1df_6.0.18362.1440_none_9e7dbfb9e45e8e67;C:\Users\VEDIT\.gradle\native\fdc75f09e3144964f2cf3f50f0aa648679c211496f362492102eb8c894070792\windows-amd64;C:\Users\VEDIT\.gradle\native\12488b8bf47d2d4c9fbf2f6322a914ad602e24e48041cd04a747c6da556b65c4\windows-amd64

VM Arguments:
jvm_args: exit -Xms128m -Xmx750m -XX:ReservedCodeCacheSize=512m -XX:+UseConcMarkSweepGC -XX:SoftRefLRUPolicyMSPerMB=50 -XX:CICompilerCount=2 -XX:+HeapDumpOnOutOfMemoryError -XX:-OmitStackTraceInFastThrow -ea -Dsun.io.useCanonCaches=false -Djdk.http.auth.tunneling.disabledSchemes="" -Djdk.attach.allowAttachSelf=true -Djdk.module.illegalAccess.silent=true -Dkotlinx.coroutines.debug=off -Djb.vmOptionsFile=C:\Users\VEDIT\AppData\Roaming\JetBrains\IdeaIC2020.3\idea64.exe.vmoptions -Djava.library.path=C:\Program Files\JetBrains\IntelliJ IDEA Community Edition 2020.3.1\jbr\\bin;C:\Program Files\JetBrains\IntelliJ IDEA Community Edition 2020.3.1\jbr\\bin\server -Didea.platform.prefix=Idea -Didea.jre.check=true -Dide.native.launcher=true -Didea.vendor.name=JetBrains -Didea.paths.selector=IdeaIC2020.3 -XX:ErrorFile=C:\Users\VEDIT\java_error_in_idea64_%p.log -XX:HeapDumpPath=C:\Users\VEDIT\java_error_in_idea64.hprof 
java_command: <unknown>
java_class_path (initial): C:\Program Files\JetBrains\IntelliJ IDEA Community Edition 2020.3.1\lib\bootstrap.jar;C:\Program Files\JetBrains\IntelliJ IDEA Community Edition 2020.3.1\lib\extensions.jar;C:\Program Files\JetBrains\IntelliJ IDEA Community Edition 2020.3.1\lib\util.jar;C:\Program Files\JetBrains\IntelliJ IDEA Community Edition 2020.3.1\lib\jdom.jar;C:\Program Files\JetBrains\IntelliJ IDEA Community Edition 2020.3.1\lib\log4j.jar;C:\Program Files\JetBrains\IntelliJ IDEA Community Edition 2020.3.1\lib\jna.jar
Launcher Type: generic

[Global flags]
     intx CICompilerCount                          = 2                                         {product} {command line}
    ccstr ErrorFile                                = C:\Users\VEDIT\java_error_in_idea64_%p.log            {product} {command line}
     bool HeapDumpOnOutOfMemoryError               = true                                   {manageable} {command line}
    ccstr HeapDumpPath                             = C:\Users\VEDIT\java_error_in_idea64.hprof         {manageable} {command line}
   size_t InitialHeapSize                          = 134217728                                 {product} {command line}
   size_t MaxHeapSize                              = 786432000                                 {product} {command line}
   size_t MaxNewSize                               = 262144000                                 {product} {ergonomic}
    uintx MaxTenuringThreshold                     = 6                                         {product} {ergonomic}
   size_t MinHeapDeltaBytes                        = 196608                                    {product} {ergonomic}
   size_t NewSize                                  = 44695552                                  {product} {ergonomic}
    uintx NonNMethodCodeHeapSize                   = 5825164                                {pd product} {ergonomic}
    uintx NonProfiledCodeHeapSize                  = 265522874                              {pd product} {ergonomic}
   size_t OldSize                                  = 89522176                                  {product} {ergonomic}
     bool OmitStackTraceInFastThrow                = false                                     {product} {command line}
    uintx ProfiledCodeHeapSize                     = 265522874                              {pd product} {ergonomic}
    uintx ReservedCodeCacheSize                    = 536870912                              {pd product} {command line}
     bool SegmentedCodeCache                       = true                                      {product} {ergonomic}
     intx SoftRefLRUPolicyMSPerMB                  = 50                                        {product} {command line}
     bool UseCompressedClassPointers               = true                                 {lp64_product} {ergonomic}
     bool UseCompressedOops                        = true                                 {lp64_product} {ergonomic}
     bool UseConcMarkSweepGC                       = true                                      {product} {command line}
     bool UseLargePagesIndividualAllocation        = false                                  {pd product} {ergonomic}

Logging:
Log output configuration:
 #0: stdout all=warning uptime,level,tags
 #1: stderr all=off uptime,level,tags

Environment Variables:
PATH=C:\Program Files\Common Files\Oracle\Java\javapath;C:\Windows\system32;C:\Windows;C:\Windows\System32\Wbem;C:\Windows\System32\WindowsPowerShell\v1.0\;C:\Windows\System32\OpenSSH\;C:\Users\VEDIT\AppData\Local\Programs\Python\Python39\Scripts;C:\Users\VEDIT\AppData\Local\Programs\Python\Python39;C:\Users\VEDIT\anaconda3\Scripts;C:\Users\VEDIT\anaconda3;C:\Users\VEDIT\anaconda3\Library\bin;C:\Program Files\Git\cmd;C:\Program Files\nodejs\;C:\Program Files\MATLAB\MATLAB Runtime\v99\runtime\win64;C:\MinGW\bin;C:\Users\VEDIT\anaconda3;C:\Users\VEDIT\anaconda3\Library\mingw-w64\bin;C:\Users\VEDIT\anaconda3\Library\usr\bin;C:\Users\VEDIT\anaconda3\Library\bin;C:\Users\VEDIT\anaconda3\Scripts;C:\Program Files\Common Files\Oracle\Java\javapath;C:\Program Files (x86)\Falcon\MinGW\bin;C:\Windows\system32;C:\Windows;C:\Windows\System32\Wbem;C:\Windows\System32\WindowsPowerShell\v1.0\;C:\Windows\System32\OpenSSH\;C:\Program Files\Java\jdk-15.0.1\bin;C:\Python34\Scripts;C:\Users\VEDIT\AppData\Local\Programs\Microsoft VS Code\bin;C:\Program Files\JetBrains\IntelliJ IDEA Community Edition 2020.3.1\bin;;C:\Users\VEDIT\AppData\Roaming\npm
USERNAME=VEDIT
OS=Windows_NT
PROCESSOR_IDENTIFIER=Intel64 Family 6 Model 58 Stepping 9, GenuineIntel



---------------  S Y S T E M  ---------------

OS: Windows 10 , 64 bit Build 18362 (10.0.18362.1350)
OS uptime: 1 days 15:10 hours

CPU:total 4 (initial active 4) (2 cores per cpu, 2 threads per core) family 6 model 58 stepping 9, cmov, cx8, fxsr, mmx, sse, sse2, sse3, ssse3, sse4.1, sse4.2, popcnt, avx, aes, clmul, erms, ht, tsc, tscinvbit, tscinv

Memory: 4k page, system-wide physical 3955M (226M free)
TotalPageFile size 16243M (AvailPageFile size 5M)
current process WorkingSet (physical memory assigned to process): 1106M, peak: 1116M
current process commit charge ("private bytes"): 1033M, peak: 1198M

vm_info: OpenJDK 64-Bit Server VM (11.0.9.1+11-b1145.63) for windows-amd64 JRE (11.0.9.1+11-b1145.63), built on Dec 21 2020 13:58:54 by "" with MS VC++ 14.0 (VS2015)

END.
